\BOOKMARK [1][]{Contents.1}{Contents}{}% 1
\BOOKMARK [0][]{section*.2}{𑌅𑌷𑍍𑌟𑌕𑌮𑍍 1}{}% 2
\BOOKMARK [1][]{section*.3}{𑌪𑍍𑌰𑌥𑌮𑌃 𑌪𑍍𑌰𑌶𑍍𑌨𑌃}{section*.2}% 3
\BOOKMARK [1][]{section*.4}{𑌦𑍍𑌵𑌿𑌤𑍀𑌯𑌃 𑌪𑍍𑌰𑌶𑍍𑌨𑌃}{section*.2}% 4
\BOOKMARK [1][]{section*.5}{𑌤𑍃𑌤𑍀𑌯𑌃 𑌪𑍍𑌰𑌶𑍍𑌨𑌃}{section*.2}% 5
\BOOKMARK [1][]{section*.6}{𑌚𑌤𑍁𑌰𑍍𑌥𑌃 𑌪𑍍𑌰𑌶𑍍𑌨𑌃}{section*.2}% 6
\BOOKMARK [1][]{section*.7}{𑌪𑌞𑍍𑌚𑌮𑌃 𑌪𑍍𑌰𑌶𑍍𑌨𑌃}{section*.2}% 7
\BOOKMARK [1][]{section*.8}{𑌷𑌷𑍍𑌠𑌮𑌃 𑌪𑍍𑌰𑌶𑍍𑌨𑌃}{section*.2}% 8
\BOOKMARK [1][]{section*.9}{𑌸𑌪𑍍𑌤𑌮𑌃 𑌪𑍍𑌰𑌶𑍍𑌨𑌃}{section*.2}% 9
\BOOKMARK [1][]{section*.10}{𑌅𑌷𑍍𑌟𑌮𑌃 𑌪𑍍𑌰𑌶𑍍𑌨𑌃}{section*.2}% 10
\BOOKMARK [0][]{section*.11}{𑌅𑌷𑍍𑌟𑌕𑌮𑍍 2}{}% 11
\BOOKMARK [1][]{section*.12}{𑌪𑍍𑌰𑌥𑌮𑌃 𑌪𑍍𑌰𑌶𑍍𑌨𑌃}{section*.11}% 12
\BOOKMARK [1][]{section*.13}{𑌦𑍍𑌵𑌿𑌤𑍀𑌯𑌃 𑌪𑍍𑌰𑌶𑍍𑌨𑌃}{section*.11}% 13
\BOOKMARK [1][]{section*.14}{𑌤𑍃𑌤𑍀𑌯𑌃 𑌪𑍍𑌰𑌶𑍍𑌨𑌃}{section*.11}% 14
\BOOKMARK [1][]{section*.15}{𑌚𑌤𑍁𑌰𑍍𑌥𑌃 𑌪𑍍𑌰𑌶𑍍𑌨𑌃}{section*.11}% 15
\BOOKMARK [1][]{section*.16}{𑌪𑌞𑍍𑌚𑌮𑌃 𑌪𑍍𑌰𑌶𑍍𑌨𑌃}{section*.11}% 16
\BOOKMARK [1][]{section*.17}{𑌷𑌷𑍍𑌠𑌮𑌃 𑌪𑍍𑌰𑌶𑍍𑌨𑌃}{section*.11}% 17
\BOOKMARK [1][]{section*.18}{𑌸𑌪𑍍𑌤𑌮𑌃 𑌪𑍍𑌰𑌶𑍍𑌨𑌃}{section*.11}% 18
\BOOKMARK [1][]{section*.19}{𑌅𑌷𑍍𑌟𑌮𑌃 𑌪𑍍𑌰𑌶𑍍𑌨𑌃}{section*.11}% 19
\BOOKMARK [0][]{section*.20}{𑌅𑌷𑍍𑌟𑌕𑌮𑍍 3}{}% 20
\BOOKMARK [1][]{section*.21}{𑌪𑍍𑌰𑌥𑌮𑌃 𑌪𑍍𑌰𑌶𑍍𑌨𑌃}{section*.20}% 21
\BOOKMARK [1][]{section*.22}{𑌦𑍍𑌵𑌿𑌤𑍀𑌯𑌃 𑌪𑍍𑌰𑌶𑍍𑌨𑌃}{section*.20}% 22
\BOOKMARK [1][]{section*.23}{𑌤𑍃𑌤𑍀𑌯𑌃 𑌪𑍍𑌰𑌶𑍍𑌨𑌃}{section*.20}% 23
\BOOKMARK [1][]{section*.24}{𑌚𑌤𑍁𑌰𑍍𑌥𑌃 𑌪𑍍𑌰𑌶𑍍𑌨𑌃}{section*.20}% 24
\BOOKMARK [1][]{section*.25}{𑌪𑌞𑍍𑌚𑌮𑌃 𑌪𑍍𑌰𑌶𑍍𑌨𑌃}{section*.20}% 25
\BOOKMARK [1][]{section*.26}{𑌷𑌷𑍍𑌠𑌮𑌃 𑌪𑍍𑌰𑌶𑍍𑌨𑌃}{section*.20}% 26
\BOOKMARK [1][]{section*.27}{𑌸𑌪𑍍𑌤𑌮𑌃 𑌪𑍍𑌰𑌶𑍍𑌨𑌃}{section*.20}% 27
\BOOKMARK [1][]{section*.28}{𑌅𑌷𑍍𑌟𑌮𑌃 𑌪𑍍𑌰𑌶𑍍𑌨𑌃}{section*.20}% 28
\BOOKMARK [1][]{section*.29}{𑌨𑌵𑌮𑌃 𑌪𑍍𑌰𑌶𑍍𑌨𑌃}{section*.20}% 29
\BOOKMARK [0][]{section*.30}{𑌤𑍈𑌤𑍍𑌤𑌿𑌰𑍀𑌯 𑌆𑌰𑌣𑍍𑌯𑌕𑌮𑍍}{}% 30
\BOOKMARK [1][]{section*.31}{𑌪𑍍𑌰𑌥𑌮𑌃 𑌪𑍍𑌰𑌶𑍍𑌨𑌃 — 𑌅𑌰𑍁𑌣𑌪𑍍𑌰𑌶𑍍𑌨𑌃}{section*.30}% 31
\BOOKMARK [1][]{section*.32}{𑌦𑍍𑌵𑌿𑌤𑍀𑌯𑌃 𑌪𑍍𑌰𑌶𑍍𑌨𑌃}{section*.30}% 32
\BOOKMARK [1][]{section*.33}{𑌤𑍃𑌤𑍀𑌯𑌃 𑌪𑍍𑌰𑌶𑍍𑌨𑌃}{section*.30}% 33
\BOOKMARK [1][]{section*.34}{𑌚𑌤𑍁𑌰𑍍𑌥𑌃 𑌪𑍍𑌰𑌶𑍍𑌨𑌃}{section*.30}% 34
\BOOKMARK [1][]{section*.35}{𑌪𑌞𑍍𑌚𑌮𑌃 𑌪𑍍𑌰𑌶𑍍𑌨𑌃}{section*.30}% 35
\BOOKMARK [1][]{section*.36}{𑌷𑌷𑍍𑌠𑌃 𑌪𑍍𑌰𑌶𑍍𑌨𑌃}{section*.30}% 36
\BOOKMARK [1][]{section*.37}{𑌸𑌪𑍍𑌤𑌮𑌃 𑌪𑍍𑌰𑌶𑍍𑌨𑌃 — 𑌶𑍀𑌕𑍍𑌷𑌾𑌵𑌲𑍍𑌲𑍀}{section*.30}% 37
\BOOKMARK [1][]{section*.38}{𑌅𑌷𑍍𑌟𑌮𑌃 𑌪𑍍𑌰𑌶𑍍𑌨𑌃 — 𑌬𑍍𑌰𑌹𑍍𑌮𑌾𑌨𑌨𑍍𑌦𑌵𑌲𑍍𑌲𑍀}{section*.30}% 38
\BOOKMARK [1][]{section*.39}{𑌨𑌵𑌮𑌃 𑌪𑍍𑌰𑌶𑍍𑌨𑌃 — 𑌭𑍃𑌗𑍁𑌵𑌲𑍍𑌲𑍀}{section*.30}% 39
\BOOKMARK [1][]{section*.40}{𑌦𑌶𑌮𑌃 𑌪𑍍𑌰𑌶𑍍𑌨𑌃 — 𑌮𑌹𑌾𑌨𑌾𑌰𑌾𑌯𑌣𑍋𑌪𑌨𑌿𑌷𑌤𑍍}{section*.30}% 40
\BOOKMARK [0][]{section*.41}{𑌕𑍃𑌷𑍍𑌣𑌯𑌜𑍁𑌰𑍍𑌵𑍇𑌦𑍀𑌯𑌤𑍈𑌤𑍍𑌤𑌿𑌰𑍀𑌯-𑌕𑌾𑌠𑌕𑌮𑍍}{}% 41
\BOOKMARK [1][]{section*.42}{𑌪𑍍𑌰𑌥𑌮𑌃 𑌪𑍍𑌰𑌶𑍍𑌨𑌃}{section*.41}% 42
\BOOKMARK [1][]{section*.43}{𑌦𑍍𑌵𑌿𑌤𑍀𑌯𑌃 𑌪𑍍𑌰𑌶𑍍𑌨𑌃}{section*.41}% 43
\BOOKMARK [1][]{section*.44}{𑌤𑍃𑌤𑍀𑌯𑌃 𑌪𑍍𑌰𑌶𑍍𑌨𑌃}{section*.41}% 44
