\BOOKMARK [1][]{Contents.1}{Contents}{}% 1
\BOOKMARK [0][]{section*.2}{𑌲𑌘𑍁𑌨𑍍𑌯𑌾𑌸𑌃}{}% 2
\BOOKMARK [1][]{section*.3}{𑌶𑍍𑌰𑍀 𑌰𑍁𑌦𑍍𑌰𑌧𑍍𑌯𑌾𑌨𑌮𑍍}{section*.2}% 3
\BOOKMARK [1][]{section*.4}{𑌦𑍇𑌵𑌤𑌾-𑌸𑍍𑌥𑌾𑌪𑌨𑌮𑍍}{section*.2}% 4
\BOOKMARK [1][]{section*.5}{𑌶𑍍𑌰𑍀𑌰𑍁𑌦𑍍𑌰𑌜𑌪𑌃}{section*.2}% 5
\BOOKMARK [1][]{section*.6}{𑌧𑍍𑌯𑌾𑌨𑌮𑍍}{section*.2}% 6
\BOOKMARK [0][]{section*.7}{𑌰𑍁𑌦𑍍𑌰𑌪𑍍𑌰𑌶𑍍𑌨𑌃}{}% 7
\BOOKMARK [0][]{section*.8}{𑌚𑌮𑌕𑌪𑍍𑌰𑌶𑍍𑌨𑌃}{}% 8
\BOOKMARK [0][]{section*.9}{𑌪𑍁𑌰𑍁𑌷𑌸𑍂𑌕𑍍𑌤𑌮𑍍}{}% 9
\BOOKMARK [0][]{section*.10}{𑌨𑌾𑌰𑌾𑌯𑌣𑌸𑍂𑌕𑍍𑌤𑌮𑍍}{}% 10
\BOOKMARK [0][]{section*.11}{𑌵𑌿𑌷𑍍𑌣𑍁𑌸𑍂𑌕𑍍𑌤𑌮𑍍}{}% 11
\BOOKMARK [0][]{section*.12}{𑌭𑍂𑌸𑍂𑌕𑍍𑌤𑌮𑍍}{}% 12
\BOOKMARK [0][]{section*.13}{𑌦𑍁𑌰𑍍𑌗𑌾 𑌸𑍂𑌕𑍍𑌤𑌮𑍍}{}% 13
\BOOKMARK [0][]{section*.14}{𑌶𑍍𑌰𑍀𑌸𑍂𑌕𑍍𑌤𑌮𑍍}{}% 14
\BOOKMARK [0][]{section*.15}{𑌮𑍇𑌧𑌾𑌸𑍂𑌕𑍍𑌤𑌮𑍍}{}% 15
\BOOKMARK [0][]{section*.16}{𑌭𑌾𑌗𑍍𑌯𑌸𑍂𑌕𑍍𑌤𑌮𑍍}{}% 16
\BOOKMARK [0][]{section*.17}{𑌪𑌵𑌮𑌾𑌨𑌸𑍂𑌕𑍍𑌤𑌮𑍍}{}% 17
\BOOKMARK [0][]{section*.18}{𑌆𑌯𑍁𑌷𑍍𑌯𑌸𑍂𑌕𑍍𑌤𑌮𑍍}{}% 18
\BOOKMARK [0][]{section*.19}{𑌨𑌵𑌗𑍍𑌰𑌹𑌸𑍂𑌕𑍍𑌤𑌮𑍍}{}% 19
\BOOKMARK [0][]{section*.20}{𑌨𑌕𑍍𑌷𑌤𑍍𑌰𑌸𑍂𑌕𑍍𑌤𑌮𑍍}{}% 20
\BOOKMARK [0][]{section*.21}{𑌗𑌣𑌪𑌤𑍍𑌯𑌥𑌰𑍍𑌵𑌶𑍀𑌰𑍍𑌷𑍋𑌪𑌨𑌿𑌷𑌤𑍍}{}% 21
\BOOKMARK [0][]{section*.22}{𑌮𑍃𑌤𑍍𑌯𑍁𑌞𑍍𑌜𑌯𑌹𑍋𑌮-𑌮𑌨𑍍𑌤𑍍𑌰𑌾𑌃}{}% 22
\BOOKMARK [0][]{section*.23}{𑌮𑌹𑌾𑌨𑍍𑌯𑌾𑌸𑌃}{}% 23
\BOOKMARK [1][]{section*.24}{𑌪𑌞𑍍𑌚𑌾𑌙𑍍𑌗𑌰𑍁𑌦𑍍𑌰𑌨𑍍𑌯𑌾𑌸𑌃 𑌰𑌾𑌵𑌣𑍋𑌕𑍍𑌤𑌾 𑌪𑌞𑍍𑌚𑌾𑌙𑍍𑌗𑌪𑍍𑌰𑌾𑌰𑍍𑌥𑌨𑌾-𑌸𑌹𑌿𑌤𑌮𑍍}{section*.23}% 24
\BOOKMARK [1][]{section*.25}{𑌪𑌞𑍍𑌚𑌾𑌙𑍍𑌗𑌮𑍁𑌖𑌨𑍍𑌯𑌾𑌸𑌃 𑌰𑌾𑌵𑌣𑍋𑌕𑍍𑌤𑌾 𑌪𑌞𑍍𑌚𑌮𑍁𑌖𑌪𑍍𑌰𑌾𑌰𑍍𑌥𑌨𑌾-𑌸𑌹𑌿𑌤𑌮𑍍}{section*.23}% 25
\BOOKMARK [1][]{section*.26}{𑌕𑍇𑌶𑌾𑌦𑌿𑌪𑌾𑌦𑌾𑌨𑍍𑌤 \(𑌪𑍍𑌰𑌥𑌮𑍋\) 𑌨𑍍𑌯𑌾𑌸𑌃}{section*.23}% 26
\BOOKMARK [1][]{section*.27}{𑌮𑍂𑌰𑍍𑌧𑌾𑌦𑌿𑌪𑌾𑌦𑌾𑌨𑍍𑌤 𑌦𑌶𑌾𑌕𑍍𑌷𑌰𑍀 𑌦𑌶𑌾𑌙𑍍𑌗 \(𑌦𑍍𑌵𑌿𑌤𑍀𑌯𑍋\) 𑌨𑍍𑌯𑌾𑌸𑌃}{section*.23}% 27
\BOOKMARK [1][]{section*.28}{𑌪𑌾𑌦𑌾𑌦𑌿𑌮𑍂𑌰𑍍𑌧𑌾𑌨𑍍𑌤 𑌪𑌞𑍍𑌚𑌾𑌙𑍍𑌗 \(𑌤𑍃𑌤𑍀𑌯𑍋\) 𑌨𑍍𑌯𑌾𑌸𑌃}{section*.23}% 28
\BOOKMARK [1][]{section*.29}{𑌹𑌂𑌸𑌗𑌾𑌯𑌤𑍍𑌰𑍀}{section*.23}% 29
\BOOKMARK [1][]{section*.30}{𑌦𑌿𑌕𑍍 𑌸𑌮𑍍𑌪𑍁𑌟𑌨𑍍𑌯𑌾𑌸𑌃}{section*.23}% 30
\BOOKMARK [1][]{section*.31}{𑌷𑍋𑌡𑌶𑌾𑌙𑍍𑌗𑌰𑍗𑌦𑍍𑌰𑍀𑌕𑌰𑌣𑌮𑍍}{section*.23}% 31
\BOOKMARK [1][]{section*.32}{𑌗𑍁𑌹𑍍𑌯𑌾𑌦𑌿 𑌮𑌸𑍍𑌤𑌕𑌾𑌨𑍍𑌤𑌂 𑌷𑌡𑌙𑍍𑌗 \(𑌚𑌤𑍁𑌰𑍍𑌥𑍋\) 𑌨𑍍𑌯𑌾𑌸𑌃}{section*.23}% 32
\BOOKMARK [1][]{section*.33}{𑌆𑌤𑍍𑌮𑌰𑌕𑍍𑌷𑌾}{section*.23}% 33
\BOOKMARK [1][]{section*.34}{𑌶𑌿𑌵𑌸𑌙𑍍𑌕𑌲𑍍𑌪𑌃}{section*.23}% 34
\BOOKMARK [1][]{section*.35}{𑌪𑍁𑌰𑍁𑌷𑌸𑍂𑌕𑍍𑌤𑌮𑍍}{section*.23}% 35
\BOOKMARK [1][]{section*.36}{𑌉𑌤𑍍𑌤𑌰𑌨𑌾𑌰𑌾𑌯𑌣𑌮𑍍}{section*.23}% 36
\BOOKMARK [1][]{section*.37}{𑌅𑌪𑍍𑌰𑌤𑌿𑌰𑌥𑌮𑍍}{section*.23}% 37
\BOOKMARK [1][]{section*.38}{𑌪𑍍𑌰𑌤𑌿𑌪𑍂𑌰𑍁𑌷𑌮𑍍 \(𑌸𑌂.\)}{section*.23}% 38
\BOOKMARK [1][]{section*.39}{𑌪𑍍𑌰𑌤𑌿𑌪𑍂𑌰𑍁𑌷𑌮𑍍 \(𑌬𑍍𑌰𑌾.\)}{section*.23}% 39
\BOOKMARK [1][]{section*.40}{𑌶𑌤𑌰𑍁𑌦𑍍𑌰𑍀𑌯𑌮𑍍 \(𑌸𑌂.\)}{section*.23}% 40
\BOOKMARK [1][]{section*.41}{𑌶𑌤𑌰𑍁𑌦𑍍𑌰𑍀𑌯𑌮𑍍 \(𑌬𑍍𑌰𑌾.\)}{section*.23}% 41
\BOOKMARK [1][]{section*.42}{𑌪𑌞𑍍𑌚𑌾𑌙𑍍𑌗𑌮𑍍}{section*.23}% 42
\BOOKMARK [1][]{section*.43}{𑌅𑌷𑍍𑌟𑌾𑌙𑍍𑌗-𑌨𑌮𑌸𑍍𑌕𑌾𑌰𑌾𑌃}{section*.23}% 43
\BOOKMARK [1][]{section*.44}{𑌲𑌘𑍁𑌨𑍍𑌯𑌾𑌸𑍇 𑌶𑍍𑌰𑍀 𑌰𑍁𑌦𑍍𑌰𑌧𑍍𑌯𑌾𑌨𑌮𑍍}{section*.23}% 44
\BOOKMARK [1][]{section*.45}{𑌲𑌘𑍁𑌨𑍍𑌯𑌾𑌸𑍇 𑌦𑍇𑌵𑌤𑌾-𑌸𑍍𑌥𑌾𑌪𑌨𑌮𑍍}{section*.23}% 45
\BOOKMARK [1][]{section*.46}{𑌆𑌤𑍍𑌮𑌪𑍂𑌜𑌾}{section*.23}% 46
\BOOKMARK [1][]{section*.47}{𑌕𑌲𑌶𑍇𑌷𑍁 𑌸𑌾𑌮𑍍𑌬𑌪𑌰𑌮𑍇𑌶𑍍𑌵𑌰 𑌧𑍍𑌯𑌾𑌨𑌮𑍍}{section*.23}% 47
\BOOKMARK [1][]{section*.48}{𑌷𑍋𑌡𑌶𑍋𑌪𑌚𑌾𑌰 𑌪𑍂𑌜𑌾}{section*.23}% 48
\BOOKMARK [1][]{section*.49}{𑌶𑍍𑌰𑍀𑌰𑍁𑌦𑍍𑌰𑌨𑌾𑌮 𑌤𑍍𑌰𑌿𑌶𑌤𑍀}{section*.23}% 49
\BOOKMARK [1][]{section*.50}{𑌪𑍍𑌰𑌦𑌕𑍍𑌷𑌿𑌣𑌮𑍍}{section*.23}% 50
\BOOKMARK [1][]{section*.51}{𑌨𑌮𑌸𑍍𑌕𑌾𑌰𑌾𑌃}{section*.23}% 51
\BOOKMARK [1][]{section*.52}{𑌚𑌮𑌕𑌾𑌨𑍁𑌵𑌾𑌕𑍈𑌃 𑌪𑍍𑌰𑌾𑌰𑍍𑌥𑌨𑌾}{section*.23}% 52
\BOOKMARK [1][]{section*.53}{𑌪𑍍𑌰𑌾𑌰𑍍𑌥𑌨𑌾}{section*.23}% 53
\BOOKMARK [1][]{section*.54}{𑌶𑍍𑌰𑍀𑌰𑍁𑌦𑍍𑌰𑌜𑌪𑌃}{section*.23}% 54
\BOOKMARK [1][]{section*.55}{𑌧𑍍𑌯𑌾𑌨𑌮𑍍}{section*.23}% 55
\BOOKMARK [1][]{section*.56}{𑌰𑍁𑌦𑍍𑌰𑌪𑍍𑌰𑌶𑍍𑌨𑌃}{section*.23}% 56
\BOOKMARK [1][]{section*.57}{𑌚𑌮𑌕𑌪𑍍𑌰𑌶𑍍𑌨𑌃}{section*.23}% 57
\BOOKMARK [0][]{section*.58}{𑌰𑍁𑌦𑍍𑌰𑌪𑌦𑌪𑌾𑌠𑌃}{}% 58
\BOOKMARK [0][]{section*.59}{𑌮𑌨𑍍𑌤𑍍𑌰𑌪𑍁𑌷𑍍𑌪𑌮𑍍}{}% 59
\BOOKMARK [0][]{section*.60}{𑌦𑌶𑌶𑌾𑌨𑍍𑌤𑌯𑌃}{}% 60
