\BOOKMARK [0][]{section*.1}{𑌤𑍈𑌤𑍍𑌤𑌿𑌰𑍀𑌯 𑌬𑍍𑌰𑌾𑌹𑍍𑌮𑌣𑌮𑍍}{}% 1
\BOOKMARK [0][]{section*.2}{𑌅𑌷𑍍𑌟𑌕𑌮𑍍 1}{}% 2
\BOOKMARK [0][]{section*.3}{𑌪𑍍𑌰𑌥𑌮𑌃 𑌪𑍍𑌰𑌶𑍍𑌨𑌃}{}% 3
\BOOKMARK [0][]{section*.4}{𑌦𑍍𑌵𑌿𑌤𑍀𑌯𑌃 𑌪𑍍𑌰𑌶𑍍𑌨𑌃}{}% 4
\BOOKMARK [0][]{section*.5}{𑌤𑍃𑌤𑍀𑌯𑌃 𑌪𑍍𑌰𑌶𑍍𑌨𑌃}{}% 5
\BOOKMARK [0][]{section*.6}{𑌚𑌤𑍁𑌰𑍍𑌥𑌃 𑌪𑍍𑌰𑌶𑍍𑌨𑌃}{}% 6
\BOOKMARK [0][]{section*.7}{𑌪𑌞𑍍𑌚𑌮𑌃 𑌪𑍍𑌰𑌶𑍍𑌨𑌃}{}% 7
\BOOKMARK [0][]{section*.8}{𑌷𑌷𑍍𑌠𑌮𑌃 𑌪𑍍𑌰𑌶𑍍𑌨𑌃}{}% 8
\BOOKMARK [0][]{section*.9}{𑌸𑌪𑍍𑌤𑌮𑌃 𑌪𑍍𑌰𑌶𑍍𑌨𑌃}{}% 9
\BOOKMARK [0][]{section*.10}{𑌅𑌷𑍍𑌟𑌮𑌃 𑌪𑍍𑌰𑌶𑍍𑌨𑌃}{}% 10
\BOOKMARK [0][]{section*.11}{𑌅𑌷𑍍𑌟𑌕𑌮𑍍 2}{}% 11
\BOOKMARK [0][]{section*.12}{𑌪𑍍𑌰𑌥𑌮𑌃 𑌪𑍍𑌰𑌶𑍍𑌨𑌃}{}% 12
\BOOKMARK [0][]{section*.13}{𑌦𑍍𑌵𑌿𑌤𑍀𑌯𑌃 𑌪𑍍𑌰𑌶𑍍𑌨𑌃}{}% 13
\BOOKMARK [0][]{section*.14}{𑌤𑍃𑌤𑍀𑌯𑌃 𑌪𑍍𑌰𑌶𑍍𑌨𑌃}{}% 14
\BOOKMARK [0][]{section*.15}{𑌚𑌤𑍁𑌰𑍍𑌥𑌃 𑌪𑍍𑌰𑌶𑍍𑌨𑌃}{}% 15
\BOOKMARK [0][]{section*.16}{𑌪𑌞𑍍𑌚𑌮𑌃 𑌪𑍍𑌰𑌶𑍍𑌨𑌃}{}% 16
\BOOKMARK [0][]{section*.17}{𑌷𑌷𑍍𑌠𑌮𑌃 𑌪𑍍𑌰𑌶𑍍𑌨𑌃}{}% 17
\BOOKMARK [0][]{section*.18}{𑌸𑌪𑍍𑌤𑌮𑌃 𑌪𑍍𑌰𑌶𑍍𑌨𑌃}{}% 18
\BOOKMARK [0][]{section*.19}{𑌅𑌷𑍍𑌟𑌮𑌃 𑌪𑍍𑌰𑌶𑍍𑌨𑌃}{}% 19
\BOOKMARK [0][]{section*.20}{𑌅𑌷𑍍𑌟𑌕𑌮𑍍 3}{}% 20
\BOOKMARK [0][]{section*.21}{𑌪𑍍𑌰𑌥𑌮𑌃 𑌪𑍍𑌰𑌶𑍍𑌨𑌃}{}% 21
\BOOKMARK [0][]{section*.22}{𑌦𑍍𑌵𑌿𑌤𑍀𑌯𑌃 𑌪𑍍𑌰𑌶𑍍𑌨𑌃}{}% 22
\BOOKMARK [0][]{section*.23}{𑌤𑍃𑌤𑍀𑌯𑌃 𑌪𑍍𑌰𑌶𑍍𑌨𑌃}{}% 23
\BOOKMARK [0][]{section*.24}{𑌚𑌤𑍁𑌰𑍍𑌥𑌃 𑌪𑍍𑌰𑌶𑍍𑌨𑌃}{}% 24
\BOOKMARK [0][]{section*.25}{𑌪𑌞𑍍𑌚𑌮𑌃 𑌪𑍍𑌰𑌶𑍍𑌨𑌃}{}% 25
\BOOKMARK [0][]{section*.26}{𑌷𑌷𑍍𑌠𑌮𑌃 𑌪𑍍𑌰𑌶𑍍𑌨𑌃}{}% 26
\BOOKMARK [0][]{section*.27}{𑌸𑌪𑍍𑌤𑌮𑌃 𑌪𑍍𑌰𑌶𑍍𑌨𑌃}{}% 27
\BOOKMARK [0][]{section*.28}{𑌅𑌷𑍍𑌟𑌮𑌃 𑌪𑍍𑌰𑌶𑍍𑌨𑌃}{}% 28
\BOOKMARK [0][]{section*.29}{𑌨𑌵𑌮𑌃 𑌪𑍍𑌰𑌶𑍍𑌨𑌃}{}% 29
