\BOOKMARK [0][]{section*.2}{𑌪𑍍𑌰𑌾𑌤𑌃 𑌸𑌨𑍍𑌧𑍍𑌯𑌾𑌵𑌨𑍍𑌦𑌨𑌮𑍍}{}% 1
\BOOKMARK [1][]{section*.3}{𑌆𑌚𑌮𑌨𑌮𑍍}{section*.2}% 2
\BOOKMARK [1][]{section*.4}{𑌵𑌿𑌘𑍍𑌨𑍇𑌶𑍍𑌵𑌰-𑌧𑍍𑌯𑌾𑌨𑌮𑍍}{section*.2}% 3
\BOOKMARK [1][]{section*.5}{𑌪𑍍𑌰𑌾𑌣𑌾𑌯𑌾𑌮𑌃}{section*.2}% 4
\BOOKMARK [1][]{section*.6}{𑌸𑌙𑍍𑌕𑌲𑍍𑌪𑌃}{section*.2}% 5
\BOOKMARK [1][]{section*.7}{𑌮𑌾𑌰𑍍𑌜𑌨𑌮𑍍}{section*.2}% 6
\BOOKMARK [1][]{section*.8}{𑌪𑍍𑌰𑌾𑌶𑌨𑌮𑍍}{section*.2}% 7
\BOOKMARK [1][]{section*.9}{𑌪𑍁𑌨𑌰𑍍𑌮𑌾𑌰𑍍𑌜𑌨𑌮𑍍}{section*.2}% 8
\BOOKMARK [1][]{section*.10}{𑌅𑌰𑍍𑌘𑍍𑌯𑌪𑍍𑌰𑌦𑌾𑌨𑌮𑍍}{section*.2}% 9
\BOOKMARK [1][]{section*.11}{𑌪𑍍𑌰𑌾𑌯𑌶𑍍𑌚𑌿𑌤𑍍𑌤𑌾𑌰𑍍𑌘𑍍𑌯𑌮𑍍}{section*.2}% 10
\BOOKMARK [1][]{section*.12}{𑌐𑌕𑍍𑌯𑌾𑌨𑍁𑌸𑌨𑍍𑌧𑌾𑌨𑌮𑍍}{section*.2}% 11
\BOOKMARK [1][]{section*.13}{𑌦𑍇𑌵𑌤𑌰𑍍𑌪𑌣𑌮𑍍}{section*.2}% 12
\BOOKMARK [1][]{section*.14}{𑌜𑌪-𑌸𑌙𑍍𑌕𑌲𑍍𑌪𑌃}{section*.2}% 13
\BOOKMARK [1][]{section*.15}{𑌪𑍍𑌰𑌣𑌵𑌜𑌪𑌃—𑌪𑍍𑌰𑌾𑌣𑌾𑌯𑌾𑌮𑌃}{section*.2}% 14
\BOOKMARK [1][]{section*.16}{𑌗𑌾𑌯𑌤𑍍𑌰𑍀-𑌆𑌵𑌾𑌹𑌨𑌮𑍍}{section*.2}% 15
\BOOKMARK [1][]{section*.17}{𑌗𑌾𑌯𑌤𑍍𑌰𑍀-𑌜𑌪𑌃}{section*.2}% 16
\BOOKMARK [1][]{section*.18}{𑌗𑌾𑌯𑌤𑍍𑌰𑍀-𑌉𑌪𑌸𑍍𑌥𑌾𑌨𑌮𑍍}{section*.2}% 17
\BOOKMARK [1][]{section*.19}{𑌪𑍍𑌰𑌾𑌤𑌃 𑌸𑌨𑍍𑌧𑍍𑌯𑌾 𑌸𑍂𑌰𑍍𑌯𑍋𑌪𑌸𑍍𑌥𑌾𑌨𑌮𑍍}{section*.2}% 18
\BOOKMARK [1][]{section*.20}{𑌸𑌮𑌷𑍍𑌟𑍍𑌯𑌭𑌿𑌵𑌾𑌦𑌨𑌮𑍍}{section*.2}% 19
\BOOKMARK [1][]{section*.21}{𑌦𑌿𑌗𑍍𑌦𑍇𑌵𑌤𑌾-𑌵𑌨𑍍𑌦𑌨𑌮𑍍}{section*.2}% 20
\BOOKMARK [1][]{section*.22}{𑌯𑌮-𑌵𑌨𑍍𑌦𑌨𑌮𑍍}{section*.2}% 21
\BOOKMARK [1][]{section*.23}{𑌸𑌰𑍍𑌪-𑌰𑌕𑍍𑌷𑌾}{section*.2}% 22
\BOOKMARK [1][]{section*.24}{𑌹𑌰𑌿𑌹𑌰-𑌵𑌨𑍍𑌦𑌨𑌮𑍍}{section*.2}% 23
\BOOKMARK [1][]{section*.25}{𑌸𑍂𑌰𑍍𑌯𑌨𑌾𑌰𑌾𑌯𑌣-𑌵𑌨𑍍𑌦𑌨𑌮𑍍}{section*.2}% 24
\BOOKMARK [1][]{section*.26}{𑌸𑌮𑌰𑍍𑌪𑌣𑌮𑍍}{section*.2}% 25
\BOOKMARK [1][]{section*.27}{𑌰𑌕𑍍𑌷𑌾}{section*.2}% 26
\BOOKMARK [0][]{section*.28}{𑌮𑌾𑌧𑍍𑌯𑌾𑌹𑍍𑌨𑌿𑌕𑌮𑍍}{}% 27
\BOOKMARK [1][]{section*.29}{𑌆𑌚𑌮𑌨𑌮𑍍}{section*.28}% 28
\BOOKMARK [1][]{section*.30}{𑌵𑌿𑌘𑍍𑌨𑍇𑌶𑍍𑌵𑌰-𑌧𑍍𑌯𑌾𑌨𑌮𑍍}{section*.28}% 29
\BOOKMARK [1][]{section*.31}{𑌪𑍍𑌰𑌾𑌣𑌾𑌯𑌾𑌮𑌃}{section*.28}% 30
\BOOKMARK [1][]{section*.32}{𑌸𑌙𑍍𑌕𑌲𑍍𑌪𑌃}{section*.28}% 31
\BOOKMARK [1][]{section*.33}{𑌮𑌾𑌰𑍍𑌜𑌨𑌮𑍍}{section*.28}% 32
\BOOKMARK [1][]{section*.34}{𑌪𑍍𑌰𑌾𑌶𑌨𑌮𑍍}{section*.28}% 33
\BOOKMARK [1][]{section*.35}{𑌪𑍁𑌨𑌰𑍍𑌮𑌾𑌰𑍍𑌜𑌨𑌮𑍍}{section*.28}% 34
\BOOKMARK [1][]{section*.36}{𑌅𑌰𑍍𑌘𑍍𑌯𑌪𑍍𑌰𑌦𑌾𑌨𑌮𑍍}{section*.28}% 35
\BOOKMARK [1][]{section*.37}{𑌪𑍍𑌰𑌾𑌯𑌶𑍍𑌚𑌿𑌤𑍍𑌤𑌾𑌰𑍍𑌘𑍍𑌯𑌮𑍍}{section*.28}% 36
\BOOKMARK [1][]{section*.38}{𑌐𑌕𑍍𑌯𑌾𑌨𑍁𑌸𑌨𑍍𑌧𑌾𑌨𑌮𑍍}{section*.28}% 37
\BOOKMARK [1][]{section*.39}{𑌦𑍇𑌵𑌤𑌰𑍍𑌪𑌣𑌮𑍍}{section*.28}% 38
\BOOKMARK [1][]{section*.40}{𑌜𑌪-𑌸𑌙𑍍𑌕𑌲𑍍𑌪𑌃}{section*.28}% 39
\BOOKMARK [1][]{section*.41}{𑌪𑍍𑌰𑌣𑌵𑌜𑌪𑌃—𑌪𑍍𑌰𑌾𑌣𑌾𑌯𑌾𑌮𑌃}{section*.28}% 40
\BOOKMARK [1][]{section*.42}{𑌗𑌾𑌯𑌤𑍍𑌰𑍀-𑌆𑌵𑌾𑌹𑌨𑌮𑍍}{section*.28}% 41
\BOOKMARK [1][]{section*.43}{𑌗𑌾𑌯𑌤𑍍𑌰𑍀-𑌜𑌪𑌃}{section*.28}% 42
\BOOKMARK [1][]{section*.44}{𑌗𑌾𑌯𑌤𑍍𑌰𑍀-𑌉𑌪𑌸𑍍𑌥𑌾𑌨𑌮𑍍}{section*.28}% 43
\BOOKMARK [1][]{section*.45}{𑌮𑌾𑌧𑍍𑌯𑌾𑌹𑍍𑌨𑌿𑌕 𑌸𑍂𑌰𑍍𑌯𑍋𑌪𑌸𑍍𑌥𑌾𑌨𑌮𑍍}{section*.28}% 44
\BOOKMARK [1][]{section*.46}{𑌸𑌮𑌷𑍍𑌟𑍍𑌯𑌭𑌿𑌵𑌾𑌦𑌨𑌮𑍍}{section*.28}% 45
\BOOKMARK [1][]{section*.47}{𑌦𑌿𑌗𑍍𑌦𑍇𑌵𑌤𑌾-𑌵𑌨𑍍𑌦𑌨𑌮𑍍}{section*.28}% 46
\BOOKMARK [1][]{section*.48}{𑌯𑌮-𑌵𑌨𑍍𑌦𑌨𑌮𑍍}{section*.28}% 47
\BOOKMARK [1][]{section*.49}{𑌸𑌰𑍍𑌪-𑌰𑌕𑍍𑌷𑌾}{section*.28}% 48
\BOOKMARK [1][]{section*.50}{𑌹𑌰𑌿𑌹𑌰-𑌵𑌨𑍍𑌦𑌨𑌮𑍍}{section*.28}% 49
\BOOKMARK [1][]{section*.51}{𑌸𑍂𑌰𑍍𑌯𑌨𑌾𑌰𑌾𑌯𑌣-𑌵𑌨𑍍𑌦𑌨𑌮𑍍}{section*.28}% 50
\BOOKMARK [1][]{section*.52}{𑌸𑌮𑌰𑍍𑌪𑌣𑌮𑍍}{section*.28}% 51
\BOOKMARK [1][]{section*.53}{𑌰𑌕𑍍𑌷𑌾}{section*.28}% 52
\BOOKMARK [0][]{section*.54}{𑌸𑌾𑌯𑌂 𑌸𑌨𑍍𑌧𑍍𑌯𑌾𑌵𑌨𑍍𑌦𑌨𑌮𑍍}{}% 53
\BOOKMARK [1][]{section*.55}{𑌆𑌚𑌮𑌨𑌮𑍍}{section*.54}% 54
\BOOKMARK [1][]{section*.56}{𑌵𑌿𑌘𑍍𑌨𑍇𑌶𑍍𑌵𑌰-𑌧𑍍𑌯𑌾𑌨𑌮𑍍}{section*.54}% 55
\BOOKMARK [1][]{section*.57}{𑌪𑍍𑌰𑌾𑌣𑌾𑌯𑌾𑌮𑌃}{section*.54}% 56
\BOOKMARK [1][]{section*.58}{𑌸𑌙𑍍𑌕𑌲𑍍𑌪𑌃}{section*.54}% 57
\BOOKMARK [1][]{section*.59}{𑌮𑌾𑌰𑍍𑌜𑌨𑌮𑍍}{section*.54}% 58
\BOOKMARK [1][]{section*.60}{𑌪𑍍𑌰𑌾𑌶𑌨𑌮𑍍}{section*.54}% 59
\BOOKMARK [1][]{section*.61}{𑌪𑍁𑌨𑌰𑍍𑌮𑌾𑌰𑍍𑌜𑌨𑌮𑍍}{section*.54}% 60
\BOOKMARK [1][]{section*.62}{𑌅𑌰𑍍𑌘𑍍𑌯𑌪𑍍𑌰𑌦𑌾𑌨𑌮𑍍}{section*.54}% 61
\BOOKMARK [1][]{section*.63}{𑌪𑍍𑌰𑌾𑌯𑌶𑍍𑌚𑌿𑌤𑍍𑌤𑌾𑌰𑍍𑌘𑍍𑌯𑌮𑍍}{section*.54}% 62
\BOOKMARK [1][]{section*.64}{𑌐𑌕𑍍𑌯𑌾𑌨𑍁𑌸𑌨𑍍𑌧𑌾𑌨𑌮𑍍}{section*.54}% 63
\BOOKMARK [1][]{section*.65}{𑌦𑍇𑌵𑌤𑌰𑍍𑌪𑌣𑌮𑍍}{section*.54}% 64
\BOOKMARK [1][]{section*.66}{𑌜𑌪-𑌸𑌙𑍍𑌕𑌲𑍍𑌪𑌃}{section*.54}% 65
\BOOKMARK [1][]{section*.67}{𑌪𑍍𑌰𑌣𑌵𑌜𑌪𑌃—𑌪𑍍𑌰𑌾𑌣𑌾𑌯𑌾𑌮𑌃}{section*.54}% 66
\BOOKMARK [1][]{section*.68}{𑌗𑌾𑌯𑌤𑍍𑌰𑍀-𑌆𑌵𑌾𑌹𑌨𑌮𑍍}{section*.54}% 67
\BOOKMARK [1][]{section*.69}{𑌗𑌾𑌯𑌤𑍍𑌰𑍀-𑌜𑌪𑌃}{section*.54}% 68
\BOOKMARK [1][]{section*.70}{𑌗𑌾𑌯𑌤𑍍𑌰𑍀-𑌉𑌪𑌸𑍍𑌥𑌾𑌨𑌮𑍍}{section*.54}% 69
\BOOKMARK [1][]{section*.71}{𑌸𑌾𑌯𑌂 𑌸𑌨𑍍𑌧𑍍𑌯𑌾 𑌸𑍂𑌰𑍍𑌯𑍋𑌪𑌸𑍍𑌥𑌾𑌨𑌮𑍍}{section*.54}% 70
\BOOKMARK [1][]{section*.72}{𑌸𑌮𑌷𑍍𑌟𑍍𑌯𑌭𑌿𑌵𑌾𑌦𑌨𑌮𑍍}{section*.54}% 71
\BOOKMARK [1][]{section*.73}{𑌦𑌿𑌗𑍍𑌦𑍇𑌵𑌤𑌾-𑌵𑌨𑍍𑌦𑌨𑌮𑍍}{section*.54}% 72
\BOOKMARK [1][]{section*.74}{𑌯𑌮-𑌵𑌨𑍍𑌦𑌨𑌮𑍍}{section*.54}% 73
\BOOKMARK [1][]{section*.75}{𑌸𑌰𑍍𑌪-𑌰𑌕𑍍𑌷𑌾}{section*.54}% 74
\BOOKMARK [1][]{section*.76}{𑌹𑌰𑌿𑌹𑌰-𑌵𑌨𑍍𑌦𑌨𑌮𑍍}{section*.54}% 75
\BOOKMARK [1][]{section*.77}{𑌸𑍂𑌰𑍍𑌯𑌨𑌾𑌰𑌾𑌯𑌣-𑌵𑌨𑍍𑌦𑌨𑌮𑍍}{section*.54}% 76
\BOOKMARK [1][]{section*.78}{𑌸𑌮𑌰𑍍𑌪𑌣𑌮𑍍}{section*.54}% 77
\BOOKMARK [1][]{section*.79}{𑌰𑌕𑍍𑌷𑌾}{section*.54}% 78
