\BOOKMARK [0][]{section*.1}{𑌸𑌨𑍍𑌧𑍍𑌯𑌾𑌵𑌨𑍍𑌦𑌨𑌮𑍍}{}% 1
\BOOKMARK [1][]{section*.2}{𑌆𑌚𑌮𑌨𑌮𑍍}{section*.1}% 2
\BOOKMARK [1][]{section*.3}{𑌵𑌿𑌘𑍍𑌨𑍇𑌶𑍍𑌵𑌰-𑌧𑍍𑌯𑌾𑌨𑌮𑍍}{section*.1}% 3
\BOOKMARK [1][]{section*.4}{𑌪𑍍𑌰𑌾𑌣𑌾𑌯𑌾𑌮𑌃}{section*.1}% 4
\BOOKMARK [1][]{section*.5}{𑌸𑌙𑍍𑌕𑌲𑍍𑌪𑌃}{section*.1}% 5
\BOOKMARK [1][]{section*.6}{𑌮𑌾𑌰𑍍𑌜𑌨𑌮𑍍}{section*.1}% 6
\BOOKMARK [1][]{section*.7}{𑌪𑍍𑌰𑌾𑌤𑌃 𑌸𑌨𑍍𑌧𑍍𑌯𑌾𑌵𑌨𑍍𑌦𑌨𑍇 𑌪𑍍𑌰𑌾𑌶𑌨𑌮𑍍}{section*.1}% 7
\BOOKMARK [1][]{section*.8}{𑌮𑌾𑌧𑍍𑌯𑌾𑌹𑍍𑌨𑌿𑌕𑍇 𑌪𑍍𑌰𑌾𑌶𑌨𑌮𑍍}{section*.1}% 8
\BOOKMARK [1][]{section*.9}{𑌸𑌾𑌯𑌂 𑌸𑌨𑍍𑌧𑍍𑌯𑌾𑌵𑌨𑍍𑌦𑌨𑍇 𑌪𑍍𑌰𑌾𑌶𑌨𑌮𑍍}{section*.1}% 9
\BOOKMARK [1][]{section*.10}{𑌪𑍁𑌨𑌰𑍍𑌮𑌾𑌰𑍍𑌜𑌨𑌮𑍍}{section*.1}% 10
\BOOKMARK [1][]{section*.11}{𑌅𑌰𑍍𑌘𑍍𑌯𑌪𑍍𑌰𑌦𑌾𑌨𑌮𑍍}{section*.1}% 11
\BOOKMARK [1][]{section*.12}{𑌪𑍍𑌰𑌾𑌯𑌶𑍍𑌚𑌿𑌤𑍍𑌤𑌾𑌰𑍍𑌘𑍍𑌯𑌮𑍍}{section*.1}% 12
\BOOKMARK [1][]{section*.13}{𑌐𑌕𑍍𑌯𑌾𑌨𑍁𑌸𑌨𑍍𑌧𑌾𑌨𑌮𑍍}{section*.1}% 13
\BOOKMARK [1][]{section*.14}{𑌦𑍇𑌵𑌤𑌰𑍍𑌪𑌣𑌮𑍍}{section*.1}% 14
\BOOKMARK [1][]{section*.15}{𑌜𑌪-𑌸𑌙𑍍𑌕𑌲𑍍𑌪𑌃}{section*.1}% 15
\BOOKMARK [1][]{section*.16}{𑌪𑍍𑌰𑌣𑌵𑌜𑌪𑌃—𑌪𑍍𑌰𑌾𑌣𑌾𑌯𑌾𑌮𑌃}{section*.1}% 16
\BOOKMARK [1][]{section*.17}{𑌗𑌾𑌯𑌤𑍍𑌰𑍀-𑌆𑌵𑌾𑌹𑌨𑌮𑍍}{section*.1}% 17
\BOOKMARK [1][]{section*.18}{𑌗𑌾𑌯𑌤𑍍𑌰𑍀-𑌜𑌪𑌃}{section*.1}% 18
\BOOKMARK [1][]{section*.19}{𑌗𑌾𑌯𑌤𑍍𑌰𑍀-𑌉𑌪𑌸𑍍𑌥𑌾𑌨𑌮𑍍}{section*.1}% 19
\BOOKMARK [1][]{section*.20}{𑌪𑍍𑌰𑌾𑌤𑌃 𑌸𑌨𑍍𑌧𑍍𑌯𑌾 𑌸𑍂𑌰𑍍𑌯𑍋𑌪𑌸𑍍𑌥𑌾𑌨𑌮𑍍}{section*.1}% 20
\BOOKMARK [1][]{section*.21}{𑌮𑌾𑌧𑍍𑌯𑌾𑌹𑍍𑌨𑌿𑌕 𑌸𑍂𑌰𑍍𑌯𑍋𑌪𑌸𑍍𑌥𑌾𑌨𑌮𑍍}{section*.1}% 21
\BOOKMARK [1][]{section*.22}{𑌸𑌾𑌯𑌂 𑌸𑌨𑍍𑌧𑍍𑌯𑌾 𑌸𑍂𑌰𑍍𑌯𑍋𑌪𑌸𑍍𑌥𑌾𑌨𑌮𑍍}{section*.1}% 22
\BOOKMARK [1][]{section*.23}{𑌸𑌮𑌷𑍍𑌟𑍍𑌯𑌭𑌿𑌵𑌾𑌦𑌨𑌮𑍍}{section*.1}% 23
\BOOKMARK [1][]{section*.24}{𑌦𑌿𑌗𑍍𑌦𑍇𑌵𑌤𑌾-𑌵𑌨𑍍𑌦𑌨𑌮𑍍}{section*.1}% 24
\BOOKMARK [1][]{section*.25}{𑌯𑌮-𑌵𑌨𑍍𑌦𑌨𑌮𑍍}{section*.1}% 25
\BOOKMARK [1][]{section*.26}{𑌸𑌰𑍍𑌪-𑌰𑌕𑍍𑌷𑌾}{section*.1}% 26
\BOOKMARK [1][]{section*.27}{𑌹𑌰𑌿𑌹𑌰-𑌵𑌨𑍍𑌦𑌨𑌮𑍍}{section*.1}% 27
\BOOKMARK [1][]{section*.28}{𑌸𑍂𑌰𑍍𑌯𑌨𑌾𑌰𑌾𑌯𑌣-𑌵𑌨𑍍𑌦𑌨𑌮𑍍}{section*.1}% 28
\BOOKMARK [1][]{section*.29}{𑌸𑌮𑌰𑍍𑌪𑌣𑌮𑍍}{section*.1}% 29
\BOOKMARK [1][]{section*.30}{𑌰𑌕𑍍𑌷𑌾}{section*.1}% 30
