\BOOKMARK [0][]{section*.1}{𑌤𑍈𑌤𑍍𑌤𑌿𑌰𑍀𑌯 𑌸𑌂𑌹𑌿𑌤𑌾}{}% 1
\BOOKMARK [0][]{section*.2}{𑌕𑌾𑌣𑍍𑌡𑌮𑍍 1}{}% 2
\BOOKMARK [0][]{section*.3}{𑌪𑍍𑌰𑌥𑌮𑌃 𑌪𑍍𑌰𑌶𑍍𑌨𑌃}{}% 3
\BOOKMARK [0][]{section*.4}{𑌦𑍍𑌵𑌿𑌤𑍀𑌯𑌃 𑌪𑍍𑌰𑌶𑍍𑌨𑌃}{}% 4
\BOOKMARK [0][]{section*.5}{𑌤𑍃𑌤𑍀𑌯𑌃 𑌪𑍍𑌰𑌶𑍍𑌨𑌃}{}% 5
\BOOKMARK [0][]{section*.6}{𑌚𑌤𑍁𑌰𑍍𑌥𑌃 𑌪𑍍𑌰𑌶𑍍𑌨𑌃}{}% 6
\BOOKMARK [0][]{section*.7}{𑌪𑌞𑍍𑌚𑌮𑌃 𑌪𑍍𑌰𑌶𑍍𑌨𑌃}{}% 7
\BOOKMARK [0][]{section*.8}{𑌷𑌷𑍍𑌠𑌮𑌃 𑌪𑍍𑌰𑌶𑍍𑌨𑌃}{}% 8
\BOOKMARK [0][]{section*.9}{𑌸𑌪𑍍𑌤𑌮𑌃 𑌪𑍍𑌰𑌶𑍍𑌨𑌃}{}% 9
\BOOKMARK [0][]{section*.10}{𑌅𑌷𑍍𑌟𑌮𑌃 𑌪𑍍𑌰𑌶𑍍𑌨𑌃}{}% 10
\BOOKMARK [0][]{section*.11}{𑌕𑌾𑌣𑍍𑌡𑌮𑍍 2}{}% 11
\BOOKMARK [0][]{section*.12}{𑌪𑍍𑌰𑌥𑌮𑌃 𑌪𑍍𑌰𑌶𑍍𑌨𑌃}{}% 12
\BOOKMARK [0][]{section*.13}{𑌦𑍍𑌵𑌿𑌤𑍀𑌯𑌃 𑌪𑍍𑌰𑌶𑍍𑌨𑌃}{}% 13
\BOOKMARK [0][]{section*.14}{𑌤𑍃𑌤𑍀𑌯𑌃 𑌪𑍍𑌰𑌶𑍍𑌨𑌃}{}% 14
\BOOKMARK [0][]{section*.15}{𑌚𑌤𑍁𑌰𑍍𑌥𑌃 𑌪𑍍𑌰𑌶𑍍𑌨𑌃}{}% 15
\BOOKMARK [0][]{section*.16}{𑌪𑌞𑍍𑌚𑌮𑌃 𑌪𑍍𑌰𑌶𑍍𑌨𑌃}{}% 16
\BOOKMARK [0][]{section*.17}{𑌷𑌷𑍍𑌠𑌮𑌃 𑌪𑍍𑌰𑌶𑍍𑌨𑌃}{}% 17
\BOOKMARK [0][]{section*.18}{𑌕𑌾𑌣𑍍𑌡𑌮𑍍 3}{}% 18
\BOOKMARK [0][]{section*.19}{𑌪𑍍𑌰𑌥𑌮𑌃 𑌪𑍍𑌰𑌶𑍍𑌨𑌃}{}% 19
\BOOKMARK [0][]{section*.20}{𑌦𑍍𑌵𑌿𑌤𑍀𑌯𑌃 𑌪𑍍𑌰𑌶𑍍𑌨𑌃}{}% 20
\BOOKMARK [0][]{section*.21}{𑌤𑍃𑌤𑍀𑌯𑌃 𑌪𑍍𑌰𑌶𑍍𑌨𑌃}{}% 21
\BOOKMARK [0][]{section*.22}{𑌚𑌤𑍁𑌰𑍍𑌥𑌃 𑌪𑍍𑌰𑌶𑍍𑌨𑌃}{}% 22
\BOOKMARK [0][]{section*.23}{𑌪𑌞𑍍𑌚𑌮𑌃 𑌪𑍍𑌰𑌶𑍍𑌨𑌃}{}% 23
\BOOKMARK [0][]{section*.24}{𑌕𑌾𑌣𑍍𑌡𑌮𑍍 4}{}% 24
\BOOKMARK [0][]{section*.25}{𑌪𑍍𑌰𑌥𑌮𑌃 𑌪𑍍𑌰𑌶𑍍𑌨𑌃}{}% 25
\BOOKMARK [0][]{section*.26}{𑌦𑍍𑌵𑌿𑌤𑍀𑌯𑌃 𑌪𑍍𑌰𑌶𑍍𑌨𑌃}{}% 26
\BOOKMARK [0][]{section*.27}{𑌤𑍃𑌤𑍀𑌯𑌃 𑌪𑍍𑌰𑌶𑍍𑌨𑌃}{}% 27
\BOOKMARK [0][]{section*.28}{𑌚𑌤𑍁𑌰𑍍𑌥𑌃 𑌪𑍍𑌰𑌶𑍍𑌨𑌃}{}% 28
\BOOKMARK [0][]{section*.29}{𑌪𑌞𑍍𑌚𑌮𑌃 𑌪𑍍𑌰𑌶𑍍𑌨𑌃}{}% 29
\BOOKMARK [0][]{section*.30}{𑌷𑌷𑍍𑌠𑌮𑌃 𑌪𑍍𑌰𑌶𑍍𑌨𑌃}{}% 30
\BOOKMARK [0][]{section*.31}{𑌸𑌪𑍍𑌤𑌮𑌃 𑌪𑍍𑌰𑌶𑍍𑌨𑌃}{}% 31
\BOOKMARK [0][]{section*.32}{𑌕𑌾𑌣𑍍𑌡𑌮𑍍 5}{}% 32
\BOOKMARK [0][]{section*.33}{𑌪𑍍𑌰𑌥𑌮𑌃 𑌪𑍍𑌰𑌶𑍍𑌨𑌃}{}% 33
\BOOKMARK [0][]{section*.34}{𑌦𑍍𑌵𑌿𑌤𑍀𑌯𑌃 𑌪𑍍𑌰𑌶𑍍𑌨𑌃}{}% 34
\BOOKMARK [0][]{section*.35}{𑌤𑍃𑌤𑍀𑌯𑌃 𑌪𑍍𑌰𑌶𑍍𑌨𑌃}{}% 35
\BOOKMARK [0][]{section*.36}{𑌚𑌤𑍁𑌰𑍍𑌥𑌃 𑌪𑍍𑌰𑌶𑍍𑌨𑌃}{}% 36
\BOOKMARK [0][]{section*.37}{𑌪𑌞𑍍𑌚𑌮𑌃 𑌪𑍍𑌰𑌶𑍍𑌨𑌃}{}% 37
\BOOKMARK [0][]{section*.38}{𑌷𑌷𑍍𑌠𑌮𑌃 𑌪𑍍𑌰𑌶𑍍𑌨𑌃}{}% 38
\BOOKMARK [0][]{section*.39}{𑌸𑌪𑍍𑌤𑌮𑌃 𑌪𑍍𑌰𑌶𑍍𑌨𑌃}{}% 39
\BOOKMARK [0][]{section*.40}{𑌕𑌾𑌣𑍍𑌡𑌮𑍍 6}{}% 40
\BOOKMARK [0][]{section*.41}{𑌪𑍍𑌰𑌥𑌮𑌃 𑌪𑍍𑌰𑌶𑍍𑌨𑌃}{}% 41
\BOOKMARK [0][]{section*.42}{𑌦𑍍𑌵𑌿𑌤𑍀𑌯𑌃 𑌪𑍍𑌰𑌶𑍍𑌨𑌃}{}% 42
\BOOKMARK [0][]{section*.43}{𑌤𑍃𑌤𑍀𑌯𑌃 𑌪𑍍𑌰𑌶𑍍𑌨𑌃}{}% 43
\BOOKMARK [0][]{section*.44}{𑌚𑌤𑍁𑌰𑍍𑌥𑌃 𑌪𑍍𑌰𑌶𑍍𑌨𑌃}{}% 44
\BOOKMARK [0][]{section*.45}{𑌪𑌞𑍍𑌚𑌮𑌃 𑌪𑍍𑌰𑌶𑍍𑌨𑌃}{}% 45
\BOOKMARK [0][]{section*.46}{𑌷𑌷𑍍𑌠𑌮𑌃 𑌪𑍍𑌰𑌶𑍍𑌨𑌃}{}% 46
\BOOKMARK [0][]{section*.47}{𑌕𑌾𑌣𑍍𑌡𑌮𑍍 7}{}% 47
\BOOKMARK [0][]{section*.48}{𑌪𑍍𑌰𑌥𑌮𑌃 𑌪𑍍𑌰𑌶𑍍𑌨𑌃}{}% 48
\BOOKMARK [0][]{section*.49}{𑌦𑍍𑌵𑌿𑌤𑍀𑌯𑌃 𑌪𑍍𑌰𑌶𑍍𑌨𑌃}{}% 49
\BOOKMARK [0][]{section*.50}{𑌤𑍃𑌤𑍀𑌯𑌃 𑌪𑍍𑌰𑌶𑍍𑌨𑌃}{}% 50
\BOOKMARK [0][]{section*.51}{𑌚𑌤𑍁𑌰𑍍𑌥𑌃 𑌪𑍍𑌰𑌶𑍍𑌨𑌃}{}% 51
\BOOKMARK [0][]{section*.52}{𑌪𑌞𑍍𑌚𑌮𑌃 𑌪𑍍𑌰𑌶𑍍𑌨𑌃}{}% 52
