\BOOKMARK [0][]{section*.1}{𑌮𑌹𑌾𑌨𑍍𑌯𑌾𑌸𑌃}{}% 1
\BOOKMARK [1][]{section*.2}{𑌪𑌞𑍍𑌚𑌾𑌙𑍍𑌗𑌰𑍁𑌦𑍍𑌰𑌨𑍍𑌯𑌾𑌸𑌃 𑌰𑌾𑌵𑌣𑍋𑌕𑍍𑌤𑌾 𑌪𑌞𑍍𑌚𑌾𑌙𑍍𑌗𑌪𑍍𑌰𑌾𑌰𑍍𑌥𑌨𑌾-𑌸𑌹𑌿𑌤𑌮𑍍}{section*.1}% 2
\BOOKMARK [1][]{section*.3}{𑌪𑌞𑍍𑌚𑌾𑌙𑍍𑌗𑌮𑍁𑌖𑌨𑍍𑌯𑌾𑌸𑌃 𑌰𑌾𑌵𑌣𑍋𑌕𑍍𑌤𑌾 𑌪𑌞𑍍𑌚𑌮𑍁𑌖𑌪𑍍𑌰𑌾𑌰𑍍𑌥𑌨𑌾-𑌸𑌹𑌿𑌤𑌮𑍍}{section*.1}% 3
\BOOKMARK [1][]{section*.4}{𑌕𑍇𑌶𑌾𑌦𑌿𑌪𑌾𑌦𑌾𑌨𑍍𑌤 \(𑌪𑍍𑌰𑌥𑌮𑍋\) 𑌨𑍍𑌯𑌾𑌸𑌃}{section*.1}% 4
\BOOKMARK [1][]{section*.5}{𑌮𑍂𑌰𑍍𑌧𑌾𑌦𑌿𑌪𑌾𑌦𑌾𑌨𑍍𑌤 𑌦𑌶𑌾𑌕𑍍𑌷𑌰𑍀 𑌦𑌶𑌾𑌙𑍍𑌗 \(𑌦𑍍𑌵𑌿𑌤𑍀𑌯𑍋\) 𑌨𑍍𑌯𑌾𑌸𑌃}{section*.1}% 5
\BOOKMARK [1][]{section*.6}{𑌪𑌾𑌦𑌾𑌦𑌿𑌮𑍂𑌰𑍍𑌧𑌾𑌨𑍍𑌤 𑌪𑌞𑍍𑌚𑌾𑌙𑍍𑌗 \(𑌤𑍃𑌤𑍀𑌯𑍋\) 𑌨𑍍𑌯𑌾𑌸𑌃}{section*.1}% 6
\BOOKMARK [1][]{section*.7}{𑌹𑌂𑌸𑌗𑌾𑌯𑌤𑍍𑌰𑍀}{section*.1}% 7
\BOOKMARK [1][]{section*.8}{𑌦𑌿𑌕𑍍 𑌸𑌮𑍍𑌪𑍁𑌟𑌨𑍍𑌯𑌾𑌸𑌃}{section*.1}% 8
\BOOKMARK [1][]{section*.9}{𑌷𑍋𑌡𑌶𑌾𑌙𑍍𑌗𑌰𑍗𑌦𑍍𑌰𑍀𑌕𑌰𑌣𑌮𑍍}{section*.1}% 9
\BOOKMARK [1][]{section*.10}{𑌗𑍁𑌹𑍍𑌯𑌾𑌦𑌿 𑌮𑌸𑍍𑌤𑌕𑌾𑌨𑍍𑌤𑌂 𑌷𑌡𑌙𑍍𑌗 \(𑌚𑌤𑍁𑌰𑍍𑌥𑍋\) 𑌨𑍍𑌯𑌾𑌸𑌃}{section*.1}% 10
\BOOKMARK [1][]{section*.11}{𑌆𑌤𑍍𑌮𑌰𑌕𑍍𑌷𑌾}{section*.1}% 11
\BOOKMARK [1][]{section*.12}{𑌶𑌿𑌵𑌸𑌙𑍍𑌕𑌲𑍍𑌪𑌃}{section*.1}% 12
\BOOKMARK [1][]{section*.13}{𑌪𑍁𑌰𑍁𑌷𑌸𑍂𑌕𑍍𑌤𑌮𑍍}{section*.1}% 13
\BOOKMARK [1][]{section*.14}{𑌉𑌤𑍍𑌤𑌰𑌨𑌾𑌰𑌾𑌯𑌣𑌮𑍍}{section*.1}% 14
\BOOKMARK [1][]{section*.15}{𑌅𑌪𑍍𑌰𑌤𑌿𑌰𑌥𑌮𑍍}{section*.1}% 15
\BOOKMARK [1][]{section*.16}{𑌪𑍍𑌰𑌤𑌿𑌪𑍂𑌰𑍁𑌷𑌮𑍍 \(𑌸𑌂.\)}{section*.1}% 16
\BOOKMARK [1][]{section*.17}{𑌪𑍍𑌰𑌤𑌿𑌪𑍂𑌰𑍁𑌷𑌮𑍍 \(𑌬𑍍𑌰𑌾.\)}{section*.1}% 17
\BOOKMARK [1][]{section*.18}{𑌶𑌤𑌰𑍁𑌦𑍍𑌰𑍀𑌯𑌮𑍍 \(𑌸𑌂.\)}{section*.1}% 18
\BOOKMARK [1][]{section*.19}{𑌶𑌤𑌰𑍁𑌦𑍍𑌰𑍀𑌯𑌮𑍍 \(𑌬𑍍𑌰𑌾.\)}{section*.1}% 19
\BOOKMARK [1][]{section*.20}{𑌪𑌞𑍍𑌚𑌾𑌙𑍍𑌗𑌮𑍍}{section*.1}% 20
\BOOKMARK [1][]{section*.21}{𑌅𑌷𑍍𑌟𑌾𑌙𑍍𑌗-𑌨𑌮𑌸𑍍𑌕𑌾𑌰𑌾𑌃}{section*.1}% 21
\BOOKMARK [1][]{section*.22}{𑌲𑌘𑍁𑌨𑍍𑌯𑌾𑌸𑍇 𑌶𑍍𑌰𑍀 𑌰𑍁𑌦𑍍𑌰𑌧𑍍𑌯𑌾𑌨𑌮𑍍}{section*.1}% 22
\BOOKMARK [1][]{section*.23}{𑌲𑌘𑍁𑌨𑍍𑌯𑌾𑌸𑍇 𑌦𑍇𑌵𑌤𑌾-𑌸𑍍𑌥𑌾𑌪𑌨𑌮𑍍}{section*.1}% 23
\BOOKMARK [1][]{section*.24}{𑌆𑌤𑍍𑌮𑌪𑍂𑌜𑌾}{section*.1}% 24
\BOOKMARK [1][]{section*.25}{𑌕𑌲𑌶𑍇𑌷𑍁 𑌸𑌾𑌮𑍍𑌬𑌪𑌰𑌮𑍇𑌶𑍍𑌵𑌰 𑌧𑍍𑌯𑌾𑌨𑌮𑍍}{section*.1}% 25
\BOOKMARK [1][]{section*.26}{𑌷𑍋𑌡𑌶𑍋𑌪𑌚𑌾𑌰 𑌪𑍂𑌜𑌾}{section*.1}% 26
\BOOKMARK [1][]{section*.27}{𑌶𑍍𑌰𑍀𑌰𑍁𑌦𑍍𑌰𑌨𑌾𑌮 𑌤𑍍𑌰𑌿𑌶𑌤𑍀}{section*.1}% 27
\BOOKMARK [1][]{section*.28}{𑌪𑍍𑌰𑌦𑌕𑍍𑌷𑌿𑌣𑌮𑍍}{section*.1}% 28
\BOOKMARK [1][]{section*.29}{𑌨𑌮𑌸𑍍𑌕𑌾𑌰𑌾𑌃}{section*.1}% 29
\BOOKMARK [1][]{section*.30}{𑌚𑌮𑌕𑌾𑌨𑍁𑌵𑌾𑌕𑍈𑌃 𑌪𑍍𑌰𑌾𑌰𑍍𑌥𑌨𑌾}{section*.1}% 30
\BOOKMARK [1][]{section*.31}{𑌪𑍍𑌰𑌾𑌰𑍍𑌥𑌨𑌾}{section*.1}% 31
\BOOKMARK [1][]{section*.32}{𑌶𑍍𑌰𑍀𑌰𑍁𑌦𑍍𑌰𑌜𑌪𑌃}{section*.1}% 32
\BOOKMARK [1][]{section*.33}{𑌧𑍍𑌯𑌾𑌨𑌮𑍍}{section*.1}% 33
\BOOKMARK [1][]{section*.34}{𑌰𑍁𑌦𑍍𑌰𑌪𑍍𑌰𑌶𑍍𑌨𑌃}{section*.1}% 34
\BOOKMARK [1][]{section*.35}{𑌚𑌮𑌕𑌪𑍍𑌰𑌶𑍍𑌨𑌃}{section*.1}% 35
