This is XeTeX, Version 3.14159265-2.6-0.999991 (TeX Live 2019/Debian) (preloaded format=xelatex 2020.11.26)  23 JAN 2021 17:34
entering extended mode
 restricted \write18 enabled.
 %&-line parsing enabled.
**\documentclass[a5paper,twoside,12pt]{book}

*\usepackage{shloka}
(/usr/share/texlive/texmf-dist/tex/latex/base/book.cls
Document Class: book 2019/12/20 v1.4l Standard LaTeX document class
(/usr/share/texlive/texmf-dist/tex/latex/base/bk12.clo
File: bk12.clo 2019/12/20 v1.4l Standard LaTeX file (size option)
)
\c@part=\count163
\c@chapter=\count164
\c@section=\count165
\c@subsection=\count166
\c@subsubsection=\count167
\c@paragraph=\count168
\c@subparagraph=\count169
\c@figure=\count170
\c@table=\count171
\abovecaptionskip=\skip47
\belowcaptionskip=\skip48
\bibindent=\dimen134
)
*
(./shloka.sty
\@tempdima=\dimen135
\@tempdimb=\dimen136
\shlokaspaceskip=\dimen137
\shlokavskip=\dimen138
\@tempboxa=\box45
\@tempboxb=\box46
\@tempboxc=\box47
\@tempboxd=\box48
 (/usr/share/texlive/texmf-dist/tex/latex/fontspec/fontspec.sty
(/usr/share/texlive/texmf-dist/tex/latex/l3packages/xparse/xparse.sty
(/usr/share/texlive/texmf-dist/tex/latex/l3kernel/expl3.sty
Package: expl3 2020-02-14 L3 programming layer (loader) 

(/usr/share/texlive/texmf-dist/tex/latex/l3backend/l3backend-xdvipdfmx.def
File: l3backend-xdvipdfmx.def 2020-02-03 L3 backend support: xdvipdfmx
\g__graphics_track_int=\count172
\l__pdf_internal_box=\box49
\g__pdf_backend_object_int=\count173
\g__pdf_backend_annotation_int=\count174
))
Package: xparse 2020-02-14 L3 Experimental document command parser
\l__xparse_current_arg_int=\count175
\g__xparse_grabber_int=\count176
\l__xparse_m_args_int=\count177
\l__xparse_v_nesting_int=\count178
)
Package: fontspec 2020/02/03 v2.7h Font selection for XeLaTeX and LuaLaTeX

(/usr/share/texlive/texmf-dist/tex/latex/fontspec/fontspec-xetex.sty
Package: fontspec-xetex 2020/02/03 v2.7h Font selection for XeLaTeX and LuaLaTe
X
\l__fontspec_script_int=\count179
\l__fontspec_language_int=\count180
\l__fontspec_strnum_int=\count181
\l__fontspec_tmp_int=\count182
\l__fontspec_tmpa_int=\count183
\l__fontspec_tmpb_int=\count184
\l__fontspec_tmpc_int=\count185
\l__fontspec_em_int=\count186
\l__fontspec_emdef_int=\count187
\l__fontspec_strong_int=\count188
\l__fontspec_strongdef_int=\count189
\l__fontspec_tmpa_dim=\dimen139
\l__fontspec_tmpb_dim=\dimen140
\l__fontspec_tmpc_dim=\dimen141

(/usr/share/texlive/texmf-dist/tex/latex/base/fontenc.sty
Package: fontenc 2020/02/11 v2.0o Standard LaTeX package
)
(/usr/share/texlive/texmf-dist/tex/latex/fontspec/fontspec.cfg)))
(/usr/share/texlive/texmf-dist/tex/latex/pdfpages/pdfpages.sty
Package: pdfpages 2020/01/28 v0.5q Insert pages of external PDF documents (AM)

(/usr/share/texlive/texmf-dist/tex/latex/base/ifthen.sty
Package: ifthen 2014/09/29 v1.1c Standard LaTeX ifthen package (DPC)
)
(/usr/share/texlive/texmf-dist/tex/latex/tools/calc.sty
Package: calc 2017/05/25 v4.3 Infix arithmetic (KKT,FJ)
\calc@Acount=\count190
\calc@Bcount=\count191
\calc@Adimen=\dimen142
\calc@Bdimen=\dimen143
\calc@Askip=\skip49
\calc@Bskip=\skip50
LaTeX Info: Redefining \setlength on input line 80.
LaTeX Info: Redefining \addtolength on input line 81.
\calc@Ccount=\count192
\calc@Cskip=\skip51
)
(/usr/share/texlive/texmf-dist/tex/latex/eso-pic/eso-pic.sty
Package: eso-pic 2018/04/12 v2.0h eso-pic (RN)

(/usr/share/texlive/texmf-dist/tex/generic/atbegshi/atbegshi.sty
Package: atbegshi 2019/12/05 v1.19 At begin shipout hook (HO)

(/usr/share/texlive/texmf-dist/tex/generic/infwarerr/infwarerr.sty
Package: infwarerr 2019/12/03 v1.5 Providing info/warning/error messages (HO)
)
(/usr/share/texlive/texmf-dist/tex/generic/ltxcmds/ltxcmds.sty
Package: ltxcmds 2019/12/15 v1.24 LaTeX kernel commands for general use (HO)
)
(/usr/share/texlive/texmf-dist/tex/generic/iftex/iftex.sty
Package: iftex 2019/11/07 v1.0c TeX engine tests
))
(/usr/share/texlive/texmf-dist/tex/latex/graphics/keyval.sty
Package: keyval 2014/10/28 v1.15 key=value parser (DPC)
\KV@toks@=\toks14
)
(/usr/share/texlive/texmf-dist/tex/latex/xcolor/xcolor.sty
Package: xcolor 2016/05/11 v2.12 LaTeX color extensions (UK)

(/usr/share/texlive/texmf-dist/tex/latex/graphics-cfg/color.cfg
File: color.cfg 2016/01/02 v1.6 sample color configuration
)
Package xcolor Info: Driver file: xetex.def on input line 225.

(/usr/share/texlive/texmf-dist/tex/latex/graphics-def/xetex.def
File: xetex.def 2017/06/24 v5.0h Graphics/color driver for xetex
)
Package xcolor Info: Model `cmy' substituted by `cmy0' on input line 1348.
Package xcolor Info: Model `RGB' extended on input line 1364.
Package xcolor Info: Model `HTML' substituted by `rgb' on input line 1366.
Package xcolor Info: Model `Hsb' substituted by `hsb' on input line 1367.
Package xcolor Info: Model `tHsb' substituted by `hsb' on input line 1368.
Package xcolor Info: Model `HSB' substituted by `hsb' on input line 1369.
Package xcolor Info: Model `Gray' substituted by `gray' on input line 1370.
Package xcolor Info: Model `wave' substituted by `hsb' on input line 1371.
))
(/usr/share/texlive/texmf-dist/tex/latex/graphics/graphicx.sty
Package: graphicx 2019/11/30 v1.2a Enhanced LaTeX Graphics (DPC,SPQR)

(/usr/share/texlive/texmf-dist/tex/latex/graphics/graphics.sty
Package: graphics 2019/11/30 v1.4a Standard LaTeX Graphics (DPC,SPQR)

(/usr/share/texlive/texmf-dist/tex/latex/graphics/trig.sty
Package: trig 2016/01/03 v1.10 sin cos tan (DPC)
)
(/usr/share/texlive/texmf-dist/tex/latex/graphics-cfg/graphics.cfg
File: graphics.cfg 2016/06/04 v1.11 sample graphics configuration
)
Package graphics Info: Driver file: xetex.def on input line 105.
)
\Gin@req@height=\dimen144
\Gin@req@width=\dimen145
)
\AM@pagewidth=\dimen146
\AM@pageheight=\dimen147

(/usr/share/texlive/texmf-dist/tex/latex/pdfpages/ppxetex.def
File: ppxetex.def 2020/01/28 v0.5q Pdfpages driver for XeTeX (AM)
)
\AM@pagebox=\box50
\AM@global@opts=\toks15
\AM@pagecnt=\count193
\AM@toc@title=\toks16
\c@AM@survey=\count194
\AM@templatesizebox=\box51
)
(/usr/share/texlive/texmf-dist/tex/xelatex/xunicode/xunicode.sty
File: xunicode.sty 2011/09/09 v0.981 provides access to latin accents and many 
other characters in Unicode lower plane

(/usr/share/texmf/tex/latex/tipa/t3enc.def
File: t3enc.def 2001/12/31 T3 encoding
)
\tipaTiiicode=\count195
\tipasavetokens=\toks17
\tipachecktokens=\toks18
)
(/usr/share/texlive/texmf-dist/tex/xelatex/xltxtra/xltxtra.sty
Package: xltxtra 2018/12/31 v0.7 Improvements for the "XeLaTeX" format

(/usr/share/texlive/texmf-dist/tex/generic/iftex/ifluatex.sty
Package: ifluatex 2019/10/25 v1.5 ifluatex legacy package. Use iftex instead.
)
(/usr/share/texlive/texmf-dist/tex/generic/iftex/ifxetex.sty
Package: ifxetex 2019/10/25 v0.7 ifxetex legacy package. Use iftex instead.
)
(/usr/share/texlive/texmf-dist/tex/latex/realscripts/realscripts.sty
Package: realscripts 2016/02/13 v0.3d Access OpenType subscripts and superscrip
ts
\subsupersep=\dimen148
)
(/usr/share/texlive/texmf-dist/tex/latex/metalogo/metalogo.sty
Package: metalogo 2010/05/29 v0.12 Extended TeX logo macros
\xl@everylogo=\toks19
\xl@@everylogo=\toks20
LaTeX Info: Redefining \TeX on input line 193.
LaTeX Info: Redefining \LaTeX on input line 202.
LaTeX Info: Redefining \LaTeXe on input line 219.
)
\l__xetex_show_hyphens_wrapping_box=\box52
\l__xetex_show_hyphens_temp_box=\box53
\l__xetex_show_hyphens_final_box=\box54
\g__xetex_show_hyphens_word_box=\box55
)
(/usr/share/texlive/texmf-dist/tex/latex/titlesec/titlesec.sty
Package: titlesec 2019/10/16 v2.13 Sectioning titles
\ttl@box=\box56
\beforetitleunit=\skip52
\aftertitleunit=\skip53
\ttl@plus=\dimen149
\ttl@minus=\dimen150
\ttl@toksa=\toks21
\titlewidth=\dimen151
\titlewidthlast=\dimen152
\titlewidthfirst=\dimen153
)
(/usr/share/texlive/texmf-dist/tex/latex/tools/multicol.sty
Package: multicol 2019/12/09 v1.8y multicolumn formatting (FMi)
\c@tracingmulticols=\count196
\mult@box=\box57
\multicol@leftmargin=\dimen154
\c@unbalance=\count197
\c@collectmore=\count198
\doublecol@number=\count199
\multicoltolerance=\count266
\multicolpretolerance=\count267
\full@width=\dimen155
\page@free=\dimen156
\premulticols=\dimen157
\postmulticols=\dimen158
\multicolsep=\skip54
\multicolbaselineskip=\skip55
\partial@page=\box58
\last@line=\box59
\maxbalancingoverflow=\dimen159
\mult@rightbox=\box60
\mult@grightbox=\box61
\mult@gfirstbox=\box62
\mult@firstbox=\box63
\@tempa=\box64
\@tempa=\box65
\@tempa=\box66
\@tempa=\box67
\@tempa=\box68
\@tempa=\box69
\@tempa=\box70
\@tempa=\box71
\@tempa=\box72
\@tempa=\box73
\@tempa=\box74
\@tempa=\box75
\@tempa=\box76
\@tempa=\box77
\@tempa=\box78
\@tempa=\box79
\@tempa=\box80
\@tempa=\box81
\@tempa=\box82
\@tempa=\box83
\@tempa=\box84
\@tempa=\box85
\@tempa=\box86
\@tempa=\box87
\@tempa=\box88
\@tempa=\box89
\@tempa=\box90
\@tempa=\box91
\@tempa=\box92
\@tempa=\box93
\@tempa=\box94
\@tempa=\box95
\@tempa=\box96
\@tempa=\box97
\@tempa=\box98
\@tempa=\box99
\@tempa=\box100
\c@minrows=\count268
\c@columnbadness=\count269
\c@finalcolumnbadness=\count270
\last@try=\dimen160
\multicolovershoot=\dimen161
\multicolundershoot=\dimen162
\mult@nat@firstbox=\box101
\colbreak@box=\box102
\mc@col@check@num=\count271
)
(/usr/share/texlive/texmf-dist/tex/latex/tocloft/tocloft.sty
Package: tocloft 2017/08/31 v2.3i parameterised ToC, etc., typesetting
Package tocloft Info: The document has chapter divisions on input line 51.
\cftparskip=\skip56
\cftbeforetoctitleskip=\skip57
\cftaftertoctitleskip=\skip58
\cftbeforepartskip=\skip59
\cftpartnumwidth=\skip60
\cftpartindent=\skip61
\cftbeforechapskip=\skip62
\cftchapindent=\skip63
\cftchapnumwidth=\skip64
\cftbeforesecskip=\skip65
\cftsecindent=\skip66
\cftsecnumwidth=\skip67
\cftbeforesubsecskip=\skip68
\cftsubsecindent=\skip69
\cftsubsecnumwidth=\skip70
\cftbeforesubsubsecskip=\skip71
\cftsubsubsecindent=\skip72
\cftsubsubsecnumwidth=\skip73
\cftbeforeparaskip=\skip74
\cftparaindent=\skip75
\cftparanumwidth=\skip76
\cftbeforesubparaskip=\skip77
\cftsubparaindent=\skip78
\cftsubparanumwidth=\skip79
\cftbeforeloftitleskip=\skip80
\cftafterloftitleskip=\skip81
\cftbeforefigskip=\skip82
\cftfigindent=\skip83
\cftfignumwidth=\skip84
\c@lofdepth=\count272
\c@lotdepth=\count273
\cftbeforelottitleskip=\skip85
\cftafterlottitleskip=\skip86
\cftbeforetabskip=\skip87
\cfttabindent=\skip88
\cfttabnumwidth=\skip89
)
\num=\count274
\tempone=\count275
\temptwo=\count276
\c@shlokacount=\count277

(/usr/share/texlive/texmf-dist/tex/latex/bbding/bbding.sty
Package: bbding 1999/04/15 v1.01 Dingbats symbols
))
(Please type a command or say `\end')
*%%% PAGE SIZE and MARGINS %%%

*\usepackage[top=1.5cm, bottom=1.8cm, left=1.5cm, right=1.5cm]{geometry}

*\setmainfont[Scale=0.50,Script=Grantha]{Noto Serif Grantha}
(/usr/share/texlive/texmf-dist/tex/latex/geometry/geometry.sty
Package: geometry 2020/01/02 v5.9 Page Geometry

(/usr/share/texlive/texmf-dist/tex/generic/iftex/ifvtex.sty
Package: ifvtex 2019/10/25 v1.7 ifvtex legacy package. Use iftex instead.
)
\Gm@cnth=\count278
\Gm@cntv=\count279
\c@Gm@tempcnt=\count280
\Gm@bindingoffset=\dimen163
\Gm@wd@mp=\dimen164
\Gm@odd@mp=\dimen165
\Gm@even@mp=\dimen166
\Gm@layoutwidth=\dimen167
\Gm@layoutheight=\dimen168
\Gm@layouthoffset=\dimen169
\Gm@layoutvoffset=\dimen170
\Gm@dimlist=\toks22
)
*

Package fontspec Info: Noto Serif Grantha scale = 0.7614811220294661.


Package fontspec Info: Could not resolve font "Noto Serif Grantha/BI" (it
(fontspec)             probably doesn't exist).


Package fontspec Info: Could not resolve font "Noto Serif Grantha/B" (it
(fontspec)             probably doesn't exist).


Package fontspec Info: Could not resolve font "Noto Serif Grantha/I" (it
(fontspec)             probably doesn't exist).


Package fontspec Info: Noto Serif Grantha scale = 0.7614811220294661.


Package fontspec Info: Font family 'NotoSerifGrantha(0)' created for font
(fontspec)             'Noto Serif Grantha' with options
(fontspec)             [Scale=MatchLowercase,Mapping=tex-text,Ligatures=TeX,Sca
le=0.50,Script=Grantha].
(fontspec)              
(fontspec)              This font family consists of the following NFSS
(fontspec)             series/shapes:
(fontspec)              
(fontspec)             - 'normal' (m/n) with NFSS spec.: <->s*[0.50]"Noto
(fontspec)             Serif
(fontspec)             Grantha/OT:script=gran;language=dflt;mapping=tex-text;"
(fontspec)             - 'small caps'  (m/sc) with NFSS spec.: 

LaTeX Font Info:    Font shape `TU/NotoSerifGrantha(0)/m/n' will be
(Font)              scaled to size 6.0pt on input line 0.
(Please type a command or say `\end')
*%%% HEADERS and FOOTERS %%%

*\usepackage{fancyhdr}

*\pagestyle{fancyplain}
(/usr/share/texlive/texmf-dist/tex/latex/fancyhdr/fancyhdr.sty
Package: fancyhdr 2019/01/31 v3.10 Extensive control of page headers and footer
s
\f@nch@headwidth=\skip90
\f@nch@O@elh=\skip91
\f@nch@O@erh=\skip92
\f@nch@O@olh=\skip93
\f@nch@O@orh=\skip94
\f@nch@O@elf=\skip95
\f@nch@O@erf=\skip96
\f@nch@O@olf=\skip97
\f@nch@O@orf=\skip98
)
*\setlength{\headheight}{28pt}

*\lhead[\fancyplain{}{\pagenumfont\large\thepage}]

*   {\fancyplain{}{\leftmark}}

*\rhead[\fancyplain{}{\leftmark}]

*   {\fancyplain{}{\pagenumfont\large\thepage}}

*\cfoot{}

*
(Please type a command or say `\end')
*\fancypagestyle{fancyplain}{ %

*\fancyhf{} % remove everything

*\renewcommand{\headrulewidth}{0pt} % remove lines as well

*\renewcommand{\footrulewidth}{0pt}

*\cfoot{\pagenumfont\large\thepage}}

*
(Please type a command or say `\end')
*%%% SECTIONS and CHAPTERS %%%

*\makeatletter

*\renewcommand\section{\resetShloka\@startsection {section}{1}{\z@}%

*%{2.3ex \@plus.2ex}%

*%{-3.5ex \@plus -1ex \@minus -.2ex}%

*%{2.3ex \@plus.2ex}%

*{10pt}

*{2pt}

*{\centering\normalfont\LARGE\bfseries}}

*
(Please type a command or say `\end')
*\renewcommand\chapter{\resetShloka\@startsection {chapter}{1}{\z@}%

*{10pt}

*{2pt}

*{\normalfont\LARGE\bfseries\filcenter}}

*\makeatother

*
(Please type a command or say `\end')
*\setcounter{secnumdepth}{-1}

*%for weird reasons this does not bookmark the section start, but the start of 
text in the section!!!

*%\renewcommand\thesection{}

*\renewcommand{\sectionmark}[1]{%

*\markboth{\large #1}{}}

*\renewcommand{\subsectionmark}[1]{%

*\markboth{\large #1}{}}

*\renewcommand{\chaptermark}[1]{%

*\markboth{\large #1}{}}

*
(Please type a command or say `\end')
*\addtolength{\parskip}{4pt}

*%\addtolength{\headsep}{10pt}

*\setlength{\columnseprule}{1pt}

*\setlength{\columnsep}{30pt}

*\setlength{\parindent}{0pt}

*
(Please type a command or say `\end')
*%%% HYPERLINKS %%%

*\usepackage[bookmarks=true,bookmarksopen=true,xetex,colorlinks=true,

*linkcolor=black,^^I^^I^^I% colour of internal links

*citecolor=cyan,^^I^^I^^I^^I% colour of links to bibliography

*filecolor=magenta,^^I^^I^^I% colour of file links

*urlcolor=blue^^I^^I^^I^^I% colour of external links

*]{hyperref}

*
(/usr/share/texlive/texmf-dist/tex/latex/hyperref/hyperref.sty
Package: hyperref 2020/01/14 v7.00d Hypertext links for LaTeX

(/usr/share/texlive/texmf-dist/tex/latex/pdftexcmds/pdftexcmds.sty
Package: pdftexcmds 2019/11/24 v0.31 Utility functions of pdfTeX for LuaTeX (HO
)
Package pdftexcmds Info: \pdf@primitive is available.
Package pdftexcmds Info: \pdf@ifprimitive is available.
Package pdftexcmds Info: \pdfdraftmode not found.
)
(/usr/share/texlive/texmf-dist/tex/generic/kvsetkeys/kvsetkeys.sty
Package: kvsetkeys 2019/12/15 v1.18 Key value parser (HO)
)
(/usr/share/texlive/texmf-dist/tex/generic/kvdefinekeys/kvdefinekeys.sty
Package: kvdefinekeys 2019-12-19 v1.6 Define keys (HO)
)
(/usr/share/texlive/texmf-dist/tex/generic/pdfescape/pdfescape.sty
Package: pdfescape 2019/12/09 v1.15 Implements pdfTeX's escape features (HO)
)
(/usr/share/texlive/texmf-dist/tex/latex/hycolor/hycolor.sty
Package: hycolor 2020-01-27 v1.10 Color options for hyperref/bookmark (HO)
)
(/usr/share/texlive/texmf-dist/tex/latex/letltxmacro/letltxmacro.sty
Package: letltxmacro 2019/12/03 v1.6 Let assignment for LaTeX macros (HO)
)
(/usr/share/texlive/texmf-dist/tex/latex/auxhook/auxhook.sty
Package: auxhook 2019-12-17 v1.6 Hooks for auxiliary files (HO)
)
(/usr/share/texlive/texmf-dist/tex/latex/kvoptions/kvoptions.sty
Package: kvoptions 2019/11/29 v3.13 Key value format for package options (HO)
)
\@linkdim=\dimen171
\Hy@linkcounter=\count281
\Hy@pagecounter=\count282

(/usr/share/texlive/texmf-dist/tex/latex/hyperref/pd1enc.def
File: pd1enc.def 2020/01/14 v7.00d Hyperref: PDFDocEncoding definition (HO)
)
(/usr/share/texlive/texmf-dist/tex/generic/intcalc/intcalc.sty
Package: intcalc 2019/12/15 v1.3 Expandable calculations with integers (HO)
)
(/usr/share/texlive/texmf-dist/tex/generic/etexcmds/etexcmds.sty
Package: etexcmds 2019/12/15 v1.7 Avoid name clashes with e-TeX commands (HO)
)
\Hy@SavedSpaceFactor=\count283
Package hyperref Info: Option `bookmarks' set `true' on input line 4421.
Package hyperref Info: Option `bookmarksopen' set `true' on input line 4421.
Package hyperref Info: Option `colorlinks' set `true' on input line 4421.
Package hyperref Info: Hyper figures OFF on input line 4547.
Package hyperref Info: Link nesting OFF on input line 4552.
Package hyperref Info: Hyper index ON on input line 4555.
Package hyperref Info: Plain pages OFF on input line 4562.
Package hyperref Info: Backreferencing OFF on input line 4567.
Package hyperref Info: Implicit mode ON; LaTeX internals redefined.
Package hyperref Info: Bookmarks ON on input line 4800.
\c@Hy@tempcnt=\count284

(/usr/share/texlive/texmf-dist/tex/latex/url/url.sty
\Urlmuskip=\muskip16
Package: url 2013/09/16  ver 3.4  Verb mode for urls, etc.
)
LaTeX Info: Redefining \url on input line 5159.
\XeTeXLinkMargin=\dimen172

(/usr/share/texlive/texmf-dist/tex/generic/bitset/bitset.sty
Package: bitset 2019/12/09 v1.3 Handle bit-vector datatype (HO)

(/usr/share/texlive/texmf-dist/tex/generic/bigintcalc/bigintcalc.sty
Package: bigintcalc 2019/12/15 v1.5 Expandable calculations on big integers (HO
)
))
\Fld@menulength=\count285
\Field@Width=\dimen173
\Fld@charsize=\dimen174
Package hyperref Info: Hyper figures OFF on input line 6430.
Package hyperref Info: Link nesting OFF on input line 6435.
Package hyperref Info: Hyper index ON on input line 6438.
Package hyperref Info: backreferencing OFF on input line 6445.
Package hyperref Info: Link coloring ON on input line 6448.
Package hyperref Info: Link coloring with OCG OFF on input line 6455.
Package hyperref Info: PDF/A mode OFF on input line 6460.
LaTeX Info: Redefining \ref on input line 6500.
LaTeX Info: Redefining \pageref on input line 6504.
\Hy@abspage=\count286
\c@Item=\count287
\c@Hfootnote=\count288
)
Package hyperref Info: Driver: hxetex.

(/usr/share/texlive/texmf-dist/tex/latex/hyperref/hxetex.def
File: hxetex.def 2020/01/14 v7.00d Hyperref driver for XeTeX

(/usr/share/texlive/texmf-dist/tex/latex/hyperref/puenc.def
File: puenc.def 2020/01/14 v7.00d Hyperref: PDF Unicode definition (HO)
)
(/usr/share/texlive/texmf-dist/tex/generic/stringenc/stringenc.sty
Package: stringenc 2019/11/29 v1.12 Convert strings between diff. encodings (HO
)
)
\pdfm@box=\box103
\c@Hy@AnnotLevel=\count289
\HyField@AnnotCount=\count290
\Fld@listcount=\count291
\c@bookmark@seq@number=\count292

(/usr/share/texlive/texmf-dist/tex/latex/rerunfilecheck/rerunfilecheck.sty
Package: rerunfilecheck 2019/12/05 v1.9 Rerun checks for auxiliary files (HO)

(/usr/share/texlive/texmf-dist/tex/latex/atveryend/atveryend.sty
Package: atveryend 2019-12-11 v1.11 Hooks at the very end of document (HO)
Package atveryend Info: \enddocument detected (standard20110627).
)
(/usr/share/texlive/texmf-dist/tex/generic/uniquecounter/uniquecounter.sty
Package: uniquecounter 2019/12/15 v1.4 Provide unlimited unique counter (HO)
)
Package uniquecounter Info: New unique counter `rerunfilecheck' on input line 2
86.
)
\Hy@SectionHShift=\skip99
)
(Please type a command or say `\end')
*%%% MISCELLANEOUS %%%

*\hbadness=10000

*\vbadness=10000

*\hfuzz=6pt

*
(Please type a command or say `\end')
*\newcommand{\ar}{\char"0930\char"094D\char"E009}

*\newcommand{\ur}{\char"0930\char"094D\char"200C}

*\newcommand{\sr}{\char"0930\char"094D\char"E007}

*\newcommand{\sn}{\char"0928\char"094D\char"E007}

*\newcommand{\snn}{\char"0928\char"094D\char"0928\char"094D\char"E007}

*\newcommand{\an}{\char"0928\char"094D\char"E009}

*\newcommand{\aav}{\char"093D\char"E009}

*\newcommand{\sav}{\char"093D\char"E007}

*\newcommand{\sG}{\char"0919\char"094D\char"E007}

*\newcommand{\akhkhi}{\char"0916\char"094D\char"0916\char"093F\char"E009\hspace
{-2ex} \char"E009\hspace{1.2ex}}

*\begin{document}
No file RudraPadaPatha.aux.
\openout1 = `RudraPadaPatha.aux'.

LaTeX Font Info:    Checking defaults for OML/cmm/m/it on input line 0.
LaTeX Font Info:    ... okay on input line 0.
LaTeX Font Info:    Checking defaults for OMS/cmsy/m/n on input line 0.
LaTeX Font Info:    ... okay on input line 0.
LaTeX Font Info:    Checking defaults for OT1/cmr/m/n on input line 0.
LaTeX Font Info:    ... okay on input line 0.
LaTeX Font Info:    Checking defaults for T1/cmr/m/n on input line 0.
LaTeX Font Info:    ... okay on input line 0.
LaTeX Font Info:    Checking defaults for TS1/cmr/m/n on input line 0.
LaTeX Font Info:    Trying to load font information for TS1+cmr on input line 0
.
(/usr/share/texlive/texmf-dist/tex/latex/base/ts1cmr.fd
File: ts1cmr.fd 2019/12/16 v2.5j Standard LaTeX font definitions
)
LaTeX Font Info:    ... okay on input line 0.
LaTeX Font Info:    Checking defaults for TU/lmr/m/n on input line 0.
LaTeX Font Info:    ... okay on input line 0.
LaTeX Font Info:    Checking defaults for OMX/cmex/m/n on input line 0.
LaTeX Font Info:    ... okay on input line 0.
LaTeX Font Info:    Checking defaults for U/cmr/m/n on input line 0.
LaTeX Font Info:    ... okay on input line 0.
LaTeX Font Info:    Checking defaults for T3/cmr/m/n on input line 0.
LaTeX Font Info:    Trying to load font information for T3+cmr on input line 0.


(/usr/share/texmf/tex/latex/tipa/t3cmr.fd
File: t3cmr.fd 2001/12/31 TIPA font definitions
)
LaTeX Font Info:    ... okay on input line 0.
LaTeX Font Info:    Checking defaults for PD1/pdf/m/n on input line 0.
LaTeX Font Info:    ... okay on input line 0.
LaTeX Font Info:    Checking defaults for PU/pdf/m/n on input line 0.
LaTeX Font Info:    ... okay on input line 0.
\AtBeginShipoutBox=\box104

(/usr/share/texlive/texmf-dist/tex/latex/pdflscape/pdflscape.sty
Package: pdflscape 2019/12/05 v0.12 Display of landscape pages in PDF (HO)

(/usr/share/texlive/texmf-dist/tex/latex/graphics/lscape.sty
Package: lscape 2000/10/22 v3.01 Landscape Pages (DPC)
)
Package pdflscape Info: Auto-detected driver: dvipdfm (xetex) on input line 98.

)
*geometry* driver: auto-detecting
*geometry* detected driver: xetex
*geometry* verbose mode - [ preamble ] result:
* driver: xetex
* paper: a5paper
* layout: <same size as paper>
* layoutoffset:(h,v)=(0.0pt,0.0pt)
* modes: twoside 
* h-part:(L,W,R)=(42.67912pt, 335.74254pt, 42.67912pt)
* v-part:(T,H,B)=(42.67912pt, 503.61371pt, 51.21504pt)
* \paperwidth=421.10078pt
* \paperheight=597.50787pt
* \textwidth=335.74254pt
* \textheight=503.61371pt
* \oddsidemargin=-29.59087pt
* \evensidemargin=-29.59087pt
* \topmargin=-61.46466pt
* \headheight=28.0pt
* \headsep=19.8738pt
* \topskip=12.0pt
* \footskip=30.0pt
* \marginparwidth=51.0pt
* \marginparsep=7.0pt
* \columnsep=30.0pt
* \skip\footins=10.8pt plus 4.0pt minus 2.0pt
* \hoffset=0.0pt
* \voffset=0.0pt
* \mag=1000
* \@twocolumnfalse
* \@twosidetrue
* \@mparswitchtrue
* \@reversemarginfalse
* (1in=72.27pt=25.4mm, 1cm=28.453pt)

Package hyperref Info: Link coloring ON on input line 0.
(/usr/share/texlive/texmf-dist/tex/latex/hyperref/nameref.sty
Package: nameref 2019/09/16 v2.46 Cross-referencing by name of section

(/usr/share/texlive/texmf-dist/tex/latex/refcount/refcount.sty
Package: refcount 2019/12/15 v3.6 Data extraction from label references (HO)
)
(/usr/share/texlive/texmf-dist/tex/generic/gettitlestring/gettitlestring.sty
Package: gettitlestring 2019/12/15 v1.6 Cleanup title references (HO)
)
\c@section@level=\count293
)
LaTeX Info: Redefining \ref on input line 0.
LaTeX Info: Redefining \pageref on input line 0.
LaTeX Info: Redefining \nameref on input line 0.
\@outlinefile=\write3
\openout3 = `RudraPadaPatha.out'.



Package hyperref Warning: Rerun to get /PageLabels entry.


*\Large\setmainfont[Scale=0.50,Script=Grantha,Mapping=tex-text]{Noto Serif Gran
tha}
LaTeX Font Info:    Font shape `TU/NotoSerifGrantha(0)/m/n' will be
(Font)              scaled to size 8.64pt on input line 0.

*\fontsize{19pt}{23pt}\selectfont

Package fontspec Info: Noto Serif Grantha scale = 0.4999992199383752.


Package fontspec Info: Could not resolve font "Noto Serif Grantha/BI" (it
(fontspec)             probably doesn't exist).


Package fontspec Info: Could not resolve font "Noto Serif Grantha/B" (it
(fontspec)             probably doesn't exist).


Package fontspec Info: Could not resolve font "Noto Serif Grantha/I" (it
(fontspec)             probably doesn't exist).


Package fontspec Info: Noto Serif Grantha scale = 0.4999992199383752.


Package fontspec Info: Font family 'NotoSerifGrantha(1)' created for font
(fontspec)             'Noto Serif Grantha' with options
(fontspec)             [Scale=MatchLowercase,Mapping=tex-text,Ligatures=TeX,Sca
le=0.50,Script=Grantha,Mapping=tex-text].
(fontspec)              
(fontspec)              This font family consists of the following NFSS
(fontspec)             series/shapes:
(fontspec)              
(fontspec)             - 'normal' (m/n) with NFSS spec.: <->s*[0.50]"Noto
(fontspec)             Serif
(fontspec)             Grantha/OT:script=gran;language=dflt;mapping=tex-text;"
(fontspec)             - 'small caps'  (m/sc) with NFSS spec.: 

LaTeX Font Info:    Font shape `TU/NotoSerifGrantha(1)/m/n' will be
(Font)              scaled to size 8.64pt on input line 0.
LaTeX Font Info:    Font shape `TU/NotoSerifGrantha(1)/m/n' will be
(Font)              scaled to size 9.5pt on input line 0.

*%The following alters word spacing to ensure that words aren't too close to on
e another!

*\spaceskip=1\fontdimen2\font plus 1\fontdimen3\font minus 1.25\fontdimen4\font


*\setlength{\parindent}{0pt}

*\setlength{\emergencystretch}{3em}

*\input{"../mantras/RudraPadaPatha.tex"}
(../mantras/RudraPadaPatha.tex
LaTeX Font Info:    Font shape `TU/NotoSerifGrantha(1)/m/n' will be
(Font)              scaled to size 10.37pt on input line 4.


LaTeX Font Warning: Font shape `TU/NotoSerifGrantha(1)/b/n' undefined
(Font)              using `TU/NotoSerifGrantha(1)/m/n' instead on input line 4.


LaTeX Font Info:    Font shape `TU/NotoSerifGrantha(1)/b/n' will be
(Font)              scaled to size 10.37pt on input line 4.

Package fontspec Info: Noto Serif Grantha scale = 0.4999987001474031.


Package fontspec Info: Could not resolve font "Noto Serif Grantha/BI" (it
(fontspec)             probably doesn't exist).


Package fontspec Info: Could not resolve font "Noto Serif Grantha/B" (it
(fontspec)             probably doesn't exist).


Package fontspec Info: Could not resolve font "Noto Serif Grantha/I" (it
(fontspec)             probably doesn't exist).


Package fontspec Info: Noto Serif Grantha scale = 0.4999987001474031.

LaTeX Font Info:    Font shape `TU/NotoSerifGrantha(1)/b/n' will be
(Font)              scaled to size 6.0pt on input line 4.

Package fontspec Info: Font family 'NotoSerifGrantha(2)' created for font
(fontspec)             'Noto Serif Grantha' with options
(fontspec)             [Scale=MatchLowercase,Mapping=tex-text,FakeBold=1.0,Fake
Stretch=1.0,Scale=0.50,Script=Grantha,Mapping=tex-text].
(fontspec)              
(fontspec)              This font family consists of the following NFSS
(fontspec)             series/shapes:
(fontspec)              
(fontspec)             - 'normal' (m/n) with NFSS spec.: <->s*[0.50]"Noto
(fontspec)             Serif
(fontspec)             Grantha/OT:script=gran;language=dflt;embolden=1.0;extend
=1.0;mapping=tex-text;"
(fontspec)             - 'small caps'  (m/sc) with NFSS spec.: 


LaTeX Font Warning: Font shape `TU/NotoSerifGrantha(2)/b/n' undefined
(Font)              using `TU/NotoSerifGrantha(2)/m/n' instead on input line 4.


LaTeX Font Info:    Font shape `TU/NotoSerifGrantha(2)/m/n' will be
(Font)              scaled to size 10.37pt on input line 4.
(/usr/share/texlive/texmf-dist/tex/generic/stringenc/se-ascii-print.def
File: se-ascii-print.def 2019/11/29 v1.12 stringenc: Printable ASCII characters

)
Overfull \hbox (18.104pt too wide) in paragraph at lines 5--7
\TU/NotoSerifGrantha(1)/m/n/19 ğ‘Œ•à¥’ğ‘Œµğ‘Œ¿ğ‘Œ®ğ‘à¥¤ ğ‘Œ•à¥’ğ‘Œµğ‘€à¥’ğ‘Œ¨ğ‘Œ¾ğ‘Œ®ğ‘à¥¤ ğ‘Œ‰à¥’ğ‘Œªà¥’ğ‘Œ®ğ‘Œ¶ğ‘ğ‘Œ°á³´ğ‘Œµğ‘Œ¸ğ‘ğ‘Œ¤ğ‘Œ®à¥’ğ‘Œ®ğ‘Œ¿ğ‘Œ¤ğ‘ğ‘Œ¯ğ‘á³´ğ‘Œªà¥’ğ‘Œ®ğ‘Œ¶ğ‘ğ‘Œ°á³´
ğ‘Œµğ‘Œƒ-ğ‘Œ¤à¥’ğ‘Œ®à¥’ğ‘Œ®ğ‘à¥’à¥¥ ğ‘Œœğ‘ğ‘Œ¯ğ‘‡à¥’ğ‘Œ·ğ‘ğ‘Œ à¥’ğ‘Œ°ğ‘Œ¾ğ‘Œœà¥’ğ‘Œ®ğ‘Œ¿ğ‘Œ¤ğ‘Œ¿á³´
 []

Missing character: There is no ï…¶ in font Noto Serif Grantha Regular/OT:script=g
ran;language=dflt;mapping=tex-text;!
Missing character: There is no ï…µ in font Noto Serif Grantha Regular/OT:script=g
ran;language=dflt;mapping=tex-text;!
Missing character: There is no ï…µ in font Noto Serif Grantha Regular/OT:script=g
ran;language=dflt;mapping=tex-text;!
Missing character: There is no ï…µ in font Noto Serif Grantha Regular/OT:script=g
ran;language=dflt;mapping=tex-text;!
Missing character: There is no ï…¶ in font Noto Serif Grantha Regular/OT:script=g
ran;language=dflt;mapping=tex-text;!
Missing character: There is no ï†¢ in font Noto Serif Grantha Regular/OT:script=g
ran;language=dflt;mapping=tex-text;!
Missing character: There is no ï†¢ in font Noto Serif Grantha Regular/OT:script=g
ran;language=dflt;mapping=tex-text;!
Missing character: There is no ï†¢ in font Noto Serif Grantha Regular/OT:script=g
ran;language=dflt;mapping=tex-text;!
Missing character: There is no ï†¢ in font Noto Serif Grantha Regular/OT:script=g
ran;language=dflt;mapping=tex-text;!
Missing character: There is no ï…¶ in font Noto Serif Grantha Regular/OT:script=g
ran;language=dflt;mapping=tex-text;!

Overfull \hbox (50.86005pt too wide) in paragraph at lines 28--36
\TU/NotoSerifGrantha(1)/m/n/19 ğ‘Œ®ğ‘ƒà¥’ğ‘Œ¡à¥’ğ‘Œ¯ğ‘Œ¾à¥’ğ‘Œ¤ğ‘Œ¿à¥’à¥¤ ğ‘Œ¨à¥’:à¥¥ ğ‘Œ¨ğ‘Œ®á³´:à¥¤ ğ‘Œ…à¥’ğ‘Œ¸ğ‘ğ‘Œ¤ğ‘à¥’à¥¤ ğ‘Œ¨ğ‘€ğ‘Œ²á³´ğ‘Œ—ğ‘ğ‘Œ°ğ‘€ğ‘Œµğ‘Œ¾à¥’ğ‘Œ¯ğ‘‡ğ‘Œ¤ğ‘Œ¿
à¥’ ğ‘Œ¨ğ‘€ğ‘Œ²á³´-ğ‘Œ—ğ‘ğ‘Œ°ğ‘€à¥’ğ‘Œµğ‘Œ¾à¥’ğ‘Œ¯à¥’à¥¤ ğ‘Œ¸à¥’ğ‘Œ¹à¥’ğ‘Œ¸ğ‘ğ‘Œ°ğ‘Œ¾à¥’ğ‘Œ•ğ‘ğ‘Œ·ğ‘Œ¾ğ‘Œ¯ğ‘‡ğ‘Œ¤ğ‘Œ¿á³´
 []

LaTeX Font Info:    Font shape `TU/NotoSerifGrantha(1)/m/n' will be
(Font)              scaled to size 6.0pt on input line 36.
LaTeX Font Info:    Font shape `TU/NotoSerifGrantha(1)/m/n' will be
(Font)              scaled to size 7.2pt on input line 36.

Package fontspec Info: Candara scale = 0.6100860469132486.


Package fontspec Info: Candara scale = 0.6100860469132486.


Package fontspec Info: Candara scale = 0.6100860469132486.


Package fontspec Info: Candara/B scale = 0.6100860469132486.


Package fontspec Info: Candara/B scale = 0.6100860469132486.


Package fontspec Info: Candara/I scale = 0.6031027708149855.


Package fontspec Info: Candara/I scale = 0.6031027708149855.


Package fontspec Info: Candara/BI scale = 0.6031027708149855.


Package fontspec Info: Candara/BI scale = 0.6031027708149855.


Package fontspec Info: Font family 'Candara(0)' created for font 'Candara'
(fontspec)             with options [Scale=MatchLowercase,Mapping=tex-text].
(fontspec)              
(fontspec)              This font family consists of the following NFSS
(fontspec)             series/shapes:
(fontspec)              
(fontspec)             - 'normal' (m/n) with NFSS spec.:
(fontspec)             <->s*[0.6100860469132486]"Candara/OT:script=latn;languag
e=dflt;mapping=tex-text;"
(fontspec)             - 'small caps'  (m/sc) with NFSS spec.:
(fontspec)             <->s*[0.6100860469132486]"Candara/OT:script=latn;languag
e=dflt;+smcp;mapping=tex-text;"
(fontspec)             - 'bold' (b/n) with NFSS spec.:
(fontspec)             <->s*[0.6100860469132486]"Candara/B/OT:script=latn;langu
age=dflt;mapping=tex-text;"
(fontspec)             - 'bold small caps'  (b/sc) with NFSS spec.:
(fontspec)             <->s*[0.6100860469132486]"Candara/B/OT:script=latn;langu
age=dflt;+smcp;mapping=tex-text;"
(fontspec)             - 'italic' (m/it) with NFSS spec.:
(fontspec)             <->s*[0.6031027708149855]"Candara/I/OT:script=latn;langu
age=dflt;mapping=tex-text;"
(fontspec)             - 'italic small caps'  (m/scit) with NFSS spec.:
(fontspec)             <->s*[0.6031027708149855]"Candara/I/OT:script=latn;langu
age=dflt;+smcp;mapping=tex-text;"
(fontspec)             - 'bold italic' (b/it) with NFSS spec.:
(fontspec)             <->s*[0.6031027708149855]"Candara/BI/OT:script=latn;lang
uage=dflt;mapping=tex-text;"
(fontspec)             - 'bold italic small caps'  (b/scit) with NFSS spec.:
(fontspec)             <->s*[0.6031027708149855]"Candara/BI/OT:script=latn;lang
uage=dflt;+smcp;mapping=tex-text;"

LaTeX Font Info:    Font shape `TU/Candara(0)/m/n' will be
(Font)              scaled to size 7.3211pt on input line 36.
LaTeX Font Info:    Font shape `TU/Candara(0)/m/n' will be
(Font)              scaled to size 8.78531pt on input line 36.
[1

]
Missing character: There is no ï…¶ in font Noto Serif Grantha Regular/OT:script=g
ran;language=dflt;mapping=tex-text;!
Missing character: There is no ï†¢ in font Noto Serif Grantha Regular/OT:script=g
ran;language=dflt;mapping=tex-text;!

Package fontspec Info: Candara scale = 0.6100860469132486.

 [2]
Overfull \hbox (14.22804pt too wide) in paragraph at lines 62--67
\TU/NotoSerifGrantha(1)/m/n/19 ğ‘Œ®à¥’ğ‘Œ¨ğ‘ğ‘Œ¤ğ‘ğ‘Œ°ğ‘Œ¿ğ‘Œ£ğ‘‡à¥‘à¥¤ ğ‘Œµğ‘Œ¾à¥’ğ‘Œ£ğ‘Œ¿à¥’ğ‘Œœğ‘Œ¾ğ‘Œ¯á³´à¥¤ ğ‘Œ•ğ‘Œ•ğ‘ğ‘Œ·ğ‘Œ¾á³´ğ‘Œ£ğ‘Œ¾ğ‘Œ®ğ‘à¥¤ ğ‘Œªğ‘Œ¤á³´ğ‘Œ¯ğ‘‡à¥¤ ğ‘Œ¨ğ‘Œ®á³´:
à¥¤ ğ‘Œ¨ğ‘Œ®á³´:à¥¤ ğ‘Œ­ğ‘à¥’ğ‘Œµà¥’ğ‘Œ¨ğ‘ğ‘Œ¤ğ‘Œ¯ğ‘‡à¥‘à¥¤
 []


Package fontspec Info: Candara scale = 0.6100860469132486.

[3]

Package fontspec Info: Candara scale = 0.6100860469132486.

 [4]
Overfull \hbox (45.33102pt too wide) in paragraph at lines 111--121
\TU/NotoSerifGrantha(1)/m/n/19 ğ‘Œ¶ğ‘Œ¿à¥’ğ‘Œ¤ğ‘Œ¿à¥’ğ‘Œ•ğ‘Œ£ğ‘ğ‘Œ ğ‘Œ¾à¥’ğ‘Œ¯ğ‘‡ğ‘Œ¤ğ‘Œ¿á³´ ğ‘Œ¶ğ‘Œ¿ğ‘Œ¤ğ‘Œ¿-ğ‘Œ•ğ‘Œ£ğ‘ğ‘Œ ğ‘Œ¾á³´ğ‘Œ¯à¥¤ ğ‘Œšà¥’à¥¤ ğ‘Œ¨ğ‘Œ®á³´:à¥¤ ğ‘Œ•à¥’ğ‘Œªà¥’ğ‘Œ°ğ‘
ğ‘Œ¦ğ‘Œ¿ğ‘Œ¨ğ‘‡à¥‘à¥¤ ğ‘Œšà¥’à¥¤ ğ‘Œµğ‘ğ‘Œ¯ğ‘á³´ğ‘Œªğ‘ğ‘Œ¤ğ‘Œ•ğ‘‡ğ‘Œ¶ğ‘Œ¾à¥’ğ‘Œ¯ğ‘‡ğ‘Œ¤ğ‘Œ¿à¥’
 []


Package fontspec Info: Candara scale = 0.6100860469132486.

[5]
Overfull \hbox (40.58737pt too wide) in paragraph at lines 130--140
\TU/NotoSerifGrantha(1)/m/n/19 ğ‘Œœğ‘Œ¾ğ‘Œ¯á³´à¥¤ ğ‘Œšà¥’à¥¤ ğ‘Œ…à¥’ğ‘Œªà¥’ğ‘Œ°à¥’ğ‘Œœğ‘Œ¾ğ‘Œ¯ğ‘‡ğ‘Œ¤ğ‘ğ‘Œ¯á³´ğ‘Œªğ‘Œ°-ğ‘Œœğ‘Œ¾ğ‘Œ¯á³´à¥¤ ğ‘Œšà¥’à¥¤ ğ‘Œ¨ğ‘Œ®á³´:à¥¤ ğ‘Œ®à¥’ğ‘Œ§ğ‘ğ‘Œ¯
à¥’ğ‘Œ®ğ‘Œ¾ğ‘Œ¯á³´à¥¤ ğ‘Œšà¥’à¥¤ ğ‘Œ…à¥’ğ‘Œªà¥’ğ‘Œ—à¥’ğ‘Œ²ğ‘ğ‘Œ­ğ‘Œ¾ğ‘Œ¯ğ‘‡ğ‘Œ¤ğ‘ğ‘Œ¯á³´ğ‘Œª-
 []

Missing character: There is no ï…¶ in font Noto Serif Grantha Regular/OT:script=g
ran;language=dflt;mapping=tex-text;!
Missing character: There is no ï…¶ in font Noto Serif Grantha Regular/OT:script=g
ran;language=dflt;mapping=tex-text;!
Missing character: There is no ï…¶ in font Noto Serif Grantha Regular/OT:script=g
ran;language=dflt;mapping=tex-text;!
Missing character: There is no ï…¶ in font Noto Serif Grantha Regular/OT:script=g
ran;language=dflt;mapping=tex-text;!

Overfull \hbox (7.90099pt too wide) in paragraph at lines 142--147
[]\TU/NotoSerifGrantha(1)/m/n/19 ğ‘Œ¨ğ‘Œ®á³´:à¥¤ ğ‘Œ†à¥’ğ‘Œ¶ğ‘ğ‘Œ·ğ‘‡á³´ğ‘Œ£ğ‘Œ¾à¥’ğ‘Œ¯ğ‘‡ğ‘Œ¤ğ‘ğ‘Œ¯ğ‘Œ¾à¥’ğ‘Œ¶ğ‘-ğ‘Œ¸ğ‘‡à¥’ğ‘Œ¨ğ‘Œ¾à¥’ğ‘Œ¯à¥’à¥¤ ğ‘Œšà¥’à¥¤ ğ‘Œ†à¥’ğ‘Œ¶ğ‘à¥’ğ‘Œ°
á³´ğ‘Œ¥ğ‘Œ¾à¥’ğ‘Œ¯ğ‘‡ğ‘Œ¤ğ‘ğ‘Œ¯ğ‘Œ¾à¥’ğ‘Œ¶ğ‘-
 []

Missing character: There is no ï…¶ in font Noto Serif Grantha Regular/OT:script=g
ran;language=dflt;mapping=tex-text;!
Missing character: There is no ï…¶ in font Noto Serif Grantha Regular/OT:script=g
ran;language=dflt;mapping=tex-text;!
Missing character: There is no ï…¶ in font Noto Serif Grantha Regular/OT:script=g
ran;language=dflt;mapping=tex-text;!
Missing character: There is no ï…¶ in font Noto Serif Grantha Regular/OT:script=g
ran;language=dflt;mapping=tex-text;!
Missing character: There is no ï…¶ in font Noto Serif Grantha Regular/OT:script=g
ran;language=dflt;mapping=tex-text;!

Package fontspec Info: Candara scale = 0.6100860469132486.

[6]
Missing character: There is no ï…¶ in font Noto Serif Grantha Regular/OT:script=g
ran;language=dflt;mapping=tex-text;!
Missing character: There is no ï…¶ in font Noto Serif Grantha Regular/OT:script=g
ran;language=dflt;mapping=tex-text;!
Missing character: There is no ï…¶ in font Noto Serif Grantha Regular/OT:script=g
ran;language=dflt;mapping=tex-text;!
Missing character: There is no ï…¶ in font Noto Serif Grantha Regular/OT:script=g
ran;language=dflt;mapping=tex-text;!
Missing character: There is no ï…¶ in font Noto Serif Grantha Regular/OT:script=g
ran;language=dflt;mapping=tex-text;!

Overfull \hbox (15.59918pt too wide) in paragraph at lines 181--187
\TU/NotoSerifGrantha(1)/m/n/19 ğ‘Œ¤ğ‘Œ°á³´ğ‘Œ£ğ‘Œ¾ğ‘Œ¯à¥¤ ğ‘Œšà¥’à¥¤ ğ‘Œ¨ğ‘Œ®á³´:à¥¤ ğ‘Œ†à¥’ğ‘Œ¤ğ‘Œ¾à¥’ğ‘Œ°ğ‘ğ‘Œ¯ğ‘Œ¾á³´ğ‘Œ¯ğ‘‡ğ‘Œ¤ğ‘ğ‘Œ¯ğ‘Œ¾ï…¶-ğ‘Œ¤ğ‘Œ¾à¥’ğ‘Œ°ğ‘ğ‘Œ¯ğ‘Œ¾á³´ğ‘Œ¯à¥¤ ğ‘Œš
à¥’à¥¤ ğ‘Œ†à¥’ğ‘Œ²ğ‘Œ¾à¥’ğ‘Œ¦ğ‘ğ‘Œ¯ğ‘Œ¾á³´ğ‘Œ¯ğ‘‡ğ‘Œ¤ğ‘ğ‘Œ¯ğ‘Œ¾ï…¶-
 []

Missing character: There is no ï…¶ in font Noto Serif Grantha Regular/OT:script=g
ran;language=dflt;mapping=tex-text;!
Missing character: There is no ï…¶ in font Noto Serif Grantha Regular/OT:script=g
ran;language=dflt;mapping=tex-text;!

Overfull \hbox (8.61989pt too wide) in paragraph at lines 189--199
\TU/NotoSerifGrantha(1)/m/n/19 ğ‘Œ•ğ‘Œ¿à¥’ğ‘à¥’ğ‘Œ¶ğ‘Œ¿à¥’ğ‘Œ²ğ‘Œ¾ğ‘Œ¯á³´à¥¤ ğ‘Œšà¥’à¥¤ ğ‘Œ•ğ‘ğ‘Œ·ğ‘Œ¯á³´ğ‘Œ£ğ‘Œ¾ğ‘Œ¯à¥¤ ğ‘Œšà¥’à¥¤ ğ‘Œ¨ğ‘Œ®á³´:à¥¤ ğ‘Œ•à¥’ğ‘Œªà¥’ğ‘Œ°ğ‘ğ‘Œ¦ğ‘Œ¿ğ‘Œ¨ğ‘‡
ï…¶à¥¤ ğ‘Œšà¥’à¥¤ ğ‘Œªğ‘à¥’ğ‘Œ²à¥’ğ‘Œ¸ğ‘ğ‘Œ¤ğ‘Œ¯ğ‘‡ï…¶à¥¤
 []


Package fontspec Info: Candara scale = 0.6100860469132486.

[7]
Missing character: There is no ï…µ in font Noto Serif Grantha Regular/OT:script=g
ran;language=dflt;mapping=tex-text;!
Missing character: There is no à¤– in font Noto Serif Grantha Regular/OT:script=g
ran;language=dflt;mapping=tex-text;!
Missing character: There is no à¥ in font Noto Serif Grantha Regular/OT:script=g
ran;language=dflt;mapping=tex-text;!
Missing character: There is no à¤– in font Noto Serif Grantha Regular/OT:script=g
ran;language=dflt;mapping=tex-text;!
Missing character: There is no à¤¿ in font Noto Serif Grantha Regular/OT:script=g
ran;language=dflt;mapping=tex-text;!
Missing character: There is no î€‰ in font Noto Serif Grantha Regular/OT:script=g
ran;language=dflt;mapping=tex-text;!
Missing character: There is no î€‰ in font Noto Serif Grantha Regular/OT:script=g
ran;language=dflt;mapping=tex-text;!
Missing character: There is no ï…¶ in font Noto Serif Grantha Regular/OT:script=g
ran;language=dflt;mapping=tex-text;!
Missing character: There is no à¤– in font Noto Serif Grantha Regular/OT:script=g
ran;language=dflt;mapping=tex-text;!
Missing character: There is no à¥ in font Noto Serif Grantha Regular/OT:script=g
ran;language=dflt;mapping=tex-text;!
Missing character: There is no à¤– in font Noto Serif Grantha Regular/OT:script=g
ran;language=dflt;mapping=tex-text;!
Missing character: There is no à¤¿ in font Noto Serif Grantha Regular/OT:script=g
ran;language=dflt;mapping=tex-text;!
Missing character: There is no î€‰ in font Noto Serif Grantha Regular/OT:script=g
ran;language=dflt;mapping=tex-text;!
Missing character: There is no î€‰ in font Noto Serif Grantha Regular/OT:script=g
ran;language=dflt;mapping=tex-text;!
Missing character: There is no ï…¶ in font Noto Serif Grantha Regular/OT:script=g
ran;language=dflt;mapping=tex-text;!
Missing character: There is no à¤° in font Noto Serif Grantha Regular/OT:script=g
ran;language=dflt;mapping=tex-text;!
Missing character: There is no à¥ in font Noto Serif Grantha Regular/OT:script=g
ran;language=dflt;mapping=tex-text;!
Missing character: There is no î€‰ in font Noto Serif Grantha Regular/OT:script=g
ran;language=dflt;mapping=tex-text;!
Missing character: There is no ï…¶ in font Noto Serif Grantha Regular/OT:script=g
ran;language=dflt;mapping=tex-text;!

Overfull \hbox (39.47272pt too wide) in paragraph at lines 201--208
[]\TU/NotoSerifGrantha(1)/m/n/19 ğ‘Œ¨ğ‘Œ®á³´:à¥¤ ğ‘ŒŠà¥’ğ‘Œ°ğ‘ğ‘Œµğ‘ğ‘Œ¯ğ‘Œ¾á³´ğ‘Œ¯à¥¤ ğ‘Œšà¥’à¥¤ ğ‘Œ¸ğ‘‚à¥’ğ‘Œ°ğ‘ğ‘Œ®ğ‘ğ‘Œ¯ğ‘Œ¾á³´ğ‘Œ¯à¥¤ ğ‘Œšà¥’à¥¤ ğ‘Œ¨ğ‘Œ®á³´:à¥¤ ğ‘Œª
à¥’ğ‘Œ°ğ‘ğ‘Œ£ğ‘ğ‘Œ¯ğ‘Œ¾á³´ğ‘Œ¯à¥¤ ğ‘Œšà¥’à¥¤ ğ‘Œªà¥’ğ‘Œ°ğ‘ğ‘Œ£à¥’ğ‘Œ¶à¥’ğ‘Œ¦ğ‘ğ‘Œ¯ğ‘Œ¾á³´ğ‘Œ¯ğ‘‡ğ‘Œ¤ğ‘Œ¿á³´
 []


Overfull \hbox (28.8422pt too wide) in paragraph at lines 201--208
\TU/NotoSerifGrantha(1)/m/n/19 ğ‘Œ¦ğ‘‡à¥’ğ‘Œµğ‘Œ¾ğ‘Œ¨ğ‘Œ¾ï…¶ğ‘Œ®ğ‘à¥¤ ğ‘Œ¹ğ‘ƒğ‘Œ¦á³´ğ‘Œ¯ğ‘‡ğ‘Œ­ğ‘ğ‘Œ¯ğ‘Œƒà¥¤ ğ‘Œ¨ğ‘Œ®á³´:à¥¤ ğ‘Œµğ‘Œ¿à¥’ğ‘Œ•ğ‘ğ‘Œ·ğ‘€à¥’ğ‘Œ£à¥’ğ‘Œ•ğ‘‡ğ‘Œ­ğ‘ğ‘Œ¯à¥’ ğ‘Œ‡
ğ‘Œ¤ğ‘Œ¿á³´ ğ‘Œµğ‘Œ¿-ğ‘Œ•ğ‘ğ‘Œ·ğ‘€à¥’ğ‘Œ£à¥’ğ‘Œ•ğ‘‡ğ‘Œ­ğ‘ğ‘Œ¯á³´:à¥¤
 []

Missing character: There is no ï…¶ in font Noto Serif Grantha Regular/OT:script=g
ran;language=dflt;mapping=tex-text;!
Missing character: There is no ï†¢ in font Noto Serif Grantha Regular/OT:script=g
ran;language=dflt;mapping=tex-text;!
Missing character: There is no ï…¶ in font Noto Serif Grantha Regular/OT:script=g
ran;language=dflt;mapping=tex-text;!
Missing character: There is no ï…¶ in font Noto Serif Grantha Regular/OT:script=g
ran;language=dflt;mapping=tex-text;!
Missing character: There is no ï…¶ in font Noto Serif Grantha Regular/OT:script=g
ran;language=dflt;mapping=tex-text;!
Missing character: There is no ï…¶ in font Noto Serif Grantha Regular/OT:script=g
ran;language=dflt;mapping=tex-text;!
Missing character: There is no ï…¶ in font Noto Serif Grantha Regular/OT:script=g
ran;language=dflt;mapping=tex-text;!
Missing character: There is no ï…¶ in font Noto Serif Grantha Regular/OT:script=g
ran;language=dflt;mapping=tex-text;!

Package fontspec Info: Candara scale = 0.6100860469132486.

[8]
Missing character: There is no ï…¶ in font Noto Serif Grantha Regular/OT:script=g
ran;language=dflt;mapping=tex-text;!
Missing character: There is no ï…¶ in font Noto Serif Grantha Regular/OT:script=g
ran;language=dflt;mapping=tex-text;!
Missing character: There is no ï…¶ in font Noto Serif Grantha Regular/OT:script=g
ran;language=dflt;mapping=tex-text;!
Missing character: There is no ï…¶ in font Noto Serif Grantha Regular/OT:script=g
ran;language=dflt;mapping=tex-text;!
Missing character: There is no ï…¶ in font Noto Serif Grantha Regular/OT:script=g
ran;language=dflt;mapping=tex-text;!
Missing character: There is no ï…¶ in font Noto Serif Grantha Regular/OT:script=g
ran;language=dflt;mapping=tex-text;!
Missing character: There is no ï…¶ in font Noto Serif Grantha Regular/OT:script=g
ran;language=dflt;mapping=tex-text;!
Missing character: There is no ï…¶ in font Noto Serif Grantha Regular/OT:script=g
ran;language=dflt;mapping=tex-text;!
Missing character: There is no ï…¶ in font Noto Serif Grantha Regular/OT:script=g
ran;language=dflt;mapping=tex-text;!
Missing character: There is no ï…¶ in font Noto Serif Grantha Regular/OT:script=g
ran;language=dflt;mapping=tex-text;!

Package fontspec Info: Candara scale = 0.6100860469132486.

 [9]
Missing character: There is no ï…¶ in font Noto Serif Grantha Regular/OT:script=g
ran;language=dflt;mapping=tex-text;!
Missing character: There is no ï…¶ in font Noto Serif Grantha Regular/OT:script=g
ran;language=dflt;mapping=tex-text;!
Missing character: There is no ï…¶ in font Noto Serif Grantha Regular/OT:script=g
ran;language=dflt;mapping=tex-text;!
Missing character: There is no ï…¶ in font Noto Serif Grantha Regular/OT:script=g
ran;language=dflt;mapping=tex-text;!
Missing character: There is no ï…¶ in font Noto Serif Grantha Regular/OT:script=g
ran;language=dflt;mapping=tex-text;!
Missing character: There is no ï…¶ in font Noto Serif Grantha Regular/OT:script=g
ran;language=dflt;mapping=tex-text;!
Missing character: There is no ï…¶ in font Noto Serif Grantha Regular/OT:script=g
ran;language=dflt;mapping=tex-text;!
Missing character: There is no ï…¶ in font Noto Serif Grantha Regular/OT:script=g
ran;language=dflt;mapping=tex-text;!
Missing character: There is no ï…¶ in font Noto Serif Grantha Regular/OT:script=g
ran;language=dflt;mapping=tex-text;!
Missing character: There is no ï…µ in font Noto Serif Grantha Regular/OT:script=g
ran;language=dflt;mapping=tex-text;!
Missing character: There is no ï…¶ in font Noto Serif Grantha Regular/OT:script=g
ran;language=dflt;mapping=tex-text;!
Missing character: There is no ï…¶ in font Noto Serif Grantha Regular/OT:script=g
ran;language=dflt;mapping=tex-text;!
Missing character: There is no ï…¶ in font Noto Serif Grantha Regular/OT:script=g
ran;language=dflt;mapping=tex-text;!
Missing character: There is no à¤° in font Noto Serif Grantha Regular/OT:script=g
ran;language=dflt;mapping=tex-text;!
Missing character: There is no à¥ in font Noto Serif Grantha Regular/OT:script=g
ran;language=dflt;mapping=tex-text;!
Missing character: There is no î€‰ in font Noto Serif Grantha Regular/OT:script=g
ran;language=dflt;mapping=tex-text;!
Missing character: There is no ï…¶ in font Noto Serif Grantha Regular/OT:script=g
ran;language=dflt;mapping=tex-text;!
Missing character: There is no ï…¶ in font Noto Serif Grantha Regular/OT:script=g
ran;language=dflt;mapping=tex-text;!
Missing character: There is no ï…¶ in font Noto Serif Grantha Regular/OT:script=g
ran;language=dflt;mapping=tex-text;!

Package fontspec Info: Candara scale = 0.6100860469132486.

 [10]
Missing character: There is no ï…¶ in font Noto Serif Grantha Regular/OT:script=g
ran;language=dflt;mapping=tex-text;!
Missing character: There is no ï…¶ in font Noto Serif Grantha Regular/OT:script=g
ran;language=dflt;mapping=tex-text;!
Missing character: There is no ï…¶ in font Noto Serif Grantha Regular/OT:script=g
ran;language=dflt;mapping=tex-text;!

Overfull \hbox (7.66983pt too wide) in paragraph at lines 267--270
\TU/NotoSerifGrantha(1)/m/n/19 ğ‘Œªğ‘à¥’ğ‘Œ·ğ‘ğ‘ŒŸğ‘Œ¿à¥’ğ‘Œµğ‘Œ°ğ‘ğ‘Œ§á³´ğ‘Œ¨à¥’ğ‘Œ®ğ‘Œ¿ğ‘Œ¤ğ‘Œ¿á³´ ğ‘Œªğ‘ğ‘Œ·ğ‘ğ‘ŒŸğ‘Œ¿-ğ‘Œµğ‘Œ°ğ‘ğ‘Œ§á³´ğ‘Œ¨ğ‘Œ®ğ‘à¥¥ ğ‘Œ‰à¥’ğ‘Œ°ğ‘ğ‘Œµğ‘Œ¾à¥’ğ‘Œ°ğ‘à¥’
ğ‘Œ•ğ‘Œ®ğ‘à¥¤ ğ‘Œ‡à¥’ğ‘Œµà¥’à¥¤ ğ‘Œ¬ğ‘Œ¨ğ‘ğ‘Œ§á³´ğ‘Œ¨ğ‘Œ¾ğ‘Œ¤ğ‘à¥¤
 []


Overfull \hbox (11.32735pt too wide) in paragraph at lines 267--270
\TU/NotoSerifGrantha(1)/m/n/19 ğ‘Œ¸ğ‘à¥¤ ğ‘Œ¯ğ‘Œƒà¥¤ ğ‘Œ“ğ‘Œ·á³´ğ‘Œ§ğ‘€ğ‘Œ·ğ‘à¥¤ ğ‘Œ¯ğ‘Œƒà¥¤ ğ‘Œ°ğ‘à¥’ğ‘Œ¦ğ‘ğ‘Œ°ğ‘Œƒà¥¤ ğ‘Œµğ‘Œ¿ğ‘Œ¶ğ‘ğ‘Œµğ‘Œ¾ï…¶à¥¤ ğ‘Œ­ğ‘ğ‘Œµá³´ğ‘Œ¨ğ‘Œ¾à¥¤ ğ‘Œ†
à¥’ğ‘Œµğ‘Œ¿à¥’ğ‘Œµğ‘‡ğ‘Œ¶ğ‘‡ğ‘Œ¤ğ‘ğ‘Œ¯ğ‘Œ¾ï…¶-
 []

)
*\vfill

*\hrule

*\footnotesize
LaTeX Font Info:    Font shape `TU/NotoSerifGrantha(1)/m/n' will be
(Font)              scaled to size 5.0pt on input line 0.

*\urlstyle{sf}

*\textsf{%

*This PDF was downloaded from \url{http://stotrasamhita.github.io}.\\[1ex]

*\noindent GitHub: \url{http://stotrasamhita.github.io}~|~\url{http://github.co
m/stotrasamhita}\\[0.7ex]

*Credits: \url{http://stotrasamhita.github.io/about/}}
LaTeX Font Info:    External font `cmex10' loaded for size
(Font)              <7> on input line 0.
LaTeX Font Info:    External font `cmex10' loaded for size
(Font)              <5> on input line 0.

*\end{document}
Package atveryend Info: Empty hook `BeforeClearDocument' on input line 0.

Package fontspec Info: Candara scale = 0.6100860469132486.

[11]
Package atveryend Info: Empty hook `AfterLastShipout' on input line 0.
 (./RudraPadaPatha.aux)
Package atveryend Info: Empty hook `AtVeryEndDocument' on input line 0.
Package atveryend Info: Executing hook `AtEndAfterFileList' on input line 0.


Package rerunfilecheck Warning: File `RudraPadaPatha.out' has changed.
(rerunfilecheck)                Rerun to get outlines right
(rerunfilecheck)                or use package `bookmark'.

Package rerunfilecheck Info: Checksums for `RudraPadaPatha.out':
(rerunfilecheck)             Before: <no file>
(rerunfilecheck)             After:  4C524F2CF3BC5EEBBF5B0E92F281660C;79.

LaTeX Font Warning: Some font shapes were not available, defaults substituted.

Package atveryend Info: Empty hook `AtVeryVeryEnd' on input line 0.
 
Here is how much of TeX's memory you used:
 16613 strings out of 479819
 299240 string characters out of 5895845
 602059 words of memory out of 5000000
 33522 multiletter control sequences out of 15000+600000
 532994 words of font info for 62 fonts, out of 8000000 for 9000
 1348 hyphenation exceptions out of 8191
 61i,12n,135p,277b,517s stack positions out of 5000i,500n,10000p,200000b,80000s

Output written on RudraPadaPatha.pdf (11 pages).
